============================================================
Time  2020/12/28 15:09:09 626 
============================================================
[2020/12/28 15:09:09 626] ivw_local  1342 os_type is:  Linux  
[2020/12/28 15:09:09 626] ivw_local  1351 ivw loaded!  
[2020/12/28 15:09:09 626] ivw_local  1353 1001.60.1437  
[2020/12/28 15:09:09 626] ivw_local  1286 SYS_MSG_REGCB  msp_status_cb  func(9402cc40) 
[2020/12/28 15:09:09 626] ivw_local  1376 last gc at  1609139349  
[2020/12/28 15:09:09 626] ivw_local  1097 IVW_LOCAL_INIT_CHECK  
[2020/12/28 15:09:09 626] ivw_local  1103 ivw_res_path:  fo|res/ivw/wakeupresource.jet  
[2020/12/28 15:09:09 626] ivw_local  732  lgi:  nil  nil  
[2020/12/28 15:09:09 626] ivw_local  736  fo|res/ivw/wakeupresource.jet  1  
[2020/12/28 15:09:09 627] ivw_local  527  err  0  
[2020/12/28 15:09:09 627] ivw_local  528  res_ver  3  
[2020/12/28 15:09:09 627] ivw_local  529  res_appid_md5    
[2020/12/28 15:09:09 627] ivw_local  530  res_id    
[2020/12/28 15:09:09 627] ivw_local  531  |%fsoniah%=|%fwwnc%=%2ad3f>2>%+%ubtnc%=%b0?>?ca7f1b1cbaab6dc3??b>4b1a13a%+%ubts~wb%=%c%z+%nqpphuc%=|%irj%=6+%phuct%=\|%nc%=7+%sbs%=%in5ofh4nr3nr3%+%soubtohkc%=6327zZz+%ubttn}b%=>?10>5+%ubtsnjb%=61710>647?+%ubtqbu%=%q1777%z  
[2020/12/28 15:09:09 627] ivw_local  539  speech_plus_setting  0  
[2020/12/28 15:09:09 628] ivw_local  591  ni2hao3xiu4xiu4  0  1450  
[2020/12/28 15:09:09 628] ivw_local  623  d  
[2020/12/28 15:09:09 628] ivw_local  652  now expires:  1609139349  nil  
[2020/12/28 15:09:09 628] auth       360  read auth file failed! err=  11200  
[2020/12/28 15:09:09 628] ivw_local  479  app auth  
[2020/12/28 15:09:09 628] auth       687  app  nil  nil  e7898df0a6e6deffe1cd488e93e6f64f  
[2020/12/28 15:09:09 628] auth       744  ath rquest  {"authorize":[{"ver":"2.1.1","busin":"ivw"}]}  
[2020/12/28 15:09:09 628] config     91   select default  
[2020/12/28 15:09:09 628] config     113  use general cloud  
[2020/12/28 15:09:09 628] transport  645  paramkvsport is   nil  
[2020/12/28 15:09:09 628] transport  657  ns_enable=  1  
[2020/12/28 15:09:09 628] transport  659  2017-08--24 is_ns_need_close =   nil  
[2020/12/28 15:09:09 628] transport  665  net.nettype=  unknown  
[2020/12/28 15:09:09 628] transport  675  url.full=  nil  
[2020/12/28 15:09:09 628] transport  680  server_url_host=, server_url_port=, server_url_path=  open.xf-yun.com  nil  /msp.do  
[2020/12/28 15:09:09 628] transport  907  net type:  unknown  
[2020/12/28 15:09:09 628] transport  908  net operator:  def  
[2020/12/28 15:09:09 628] transport  909  use proxy:  false  
[2020/12/28 15:09:09 628] auth       799  not login!  
[2020/12/28 15:09:09 628] auth       636  [session] send auth request  
[2020/12/28 15:09:09 628] transport  1105 session.domain=  open.xf-yun.com  
[2020/12/28 15:09:09 628] transport  1106 url.host=  open.xf-yun.com  
[2020/12/28 15:09:09 628] transport  1083 NAMESERVER START  
[2020/12/28 15:09:09 628] transport  1086 name =   ath  
[2020/12/28 15:09:09 628] ns         634  ntt=  unknown  
[2020/12/28 15:09:09 628] transport  1089 trans,ns_inprog =  0  
[2020/12/28 15:09:09 628] ns         582  name server start  
[2020/12/28 15:09:09 628] ns         588  ns_sub =   ath  
[2020/12/28 15:09:09 628] ns         596  ns_host =   open.xf-yun.com  
[2020/12/28 15:09:09 628] ns         475  ns_host=  open.xf-yun.com  
[2020/12/28 15:09:09 629] ns         555  net_type =  standard  
[2020/12/28 15:09:09 629] ns         556  cmwapascmnet =  
[2020/12/28 15:09:09 629] ns         557  uniwapasuninet =  
[2020/12/28 15:09:09 629] ns         558  ctwapasctnet =  
[2020/12/28 15:09:09 629] ns         576  host=  hdns.xf-yun.com  
[2020/12/28 15:09:09 629] network    263  gethostbyname  hdns.xf-yun.com  ns1  
[2020/12/28 15:09:09 632] auth       643  0  
[2020/12/28 15:09:09 632] auth       606  lver:  nil  
[2020/12/28 15:09:09 632] auth       611  cfg_ver:  nil  
[2020/12/28 15:09:09 632] transport  1860 transport_obj.send | in  
[2020/12/28 15:09:09 632] transport  1866 self.msg_flag_q  table(9404bbf0) 
[2020/12/28 15:09:09 632] transport  1867 self.msg_q  table(9404bba0) 
[2020/12/28 15:09:09 632] transport  1799 transport_obj.try2send | in  
[2020/12/28 15:09:09 632] transport  1800 self.soc  nil  
[2020/12/28 15:09:09 632] transport  1801 self.connected  false  
[2020/12/28 15:09:09 632] transport  1802 self.latesterr  0  
[2020/12/28 15:09:09 632] transport  1873 transport_obj.send | out  
[2020/12/28 15:09:09 632] ivw_local  703  forbid_ivw =  nil  
[2020/12/28 15:09:09 632] ivw_local  1136 0  res/ivw/wakeupresource.jet  nil  nil  232  0  0  0:1450;  0:ni2hao3xiu4xiu4;  
[2020/12/28 15:09:10 461] network    245  dns resp  0  ns1  
[2020/12/28 15:09:10 461] ns         422  ns dns ok  42.62.116.35  
[2020/12/28 15:09:10 461] ns         202  iplist not avail  
[2020/12/28 15:09:10 462] ns         429  is_voicecloud_ip=  0  
[2020/12/28 15:09:10 462] ns         436  ip_is_expected=  true  
[2020/12/28 15:09:10 462] ns         444  ip_is_expected=  true  
[2020/12/28 15:09:10 462] network    445  gethttpresp2  42.62.116.35  80  ns2  
[2020/12/28 15:09:10 462] network    465  prot_type  tcp  
[2020/12/28 15:09:10 475] transport  194  [dns] [1] response 42.62.116.18  
[2020/12/28 15:09:10 475] transport  202  42  62  116  18  
[2020/12/28 15:09:10 475] transport  204  ipv =  v4  
[2020/12/28 15:09:10 475] transport  208  dns ip is v4  
[2020/12/28 15:09:10 475] transport  130  iplist not avail  
[2020/12/28 15:09:10 475] transport  247  no iplist now  
[2020/12/28 15:09:10 475] network    95   iptoenv ,  ipcache  open.xf-yun.com  def  42.62.116.18  
[2020/12/28 15:09:10 475] transport  291  dns cb start conn  
[2020/12/28 15:09:10 475] transport  1304 [soc] connect   42.62.116.18  1028  
[2020/12/28 15:09:10 475] transport  1316 mspsoc.open,prot_type=  tcp  
[2020/12/28 15:09:10 489] network    350  connected  ns2  
[2020/12/28 15:09:10 489] network    353  send ok  268  ns2  
[2020/12/28 15:09:10 489] ivw_local  1334 IVW_LOCAL_INSTSID param0 param1  civw1P1HHBHZzNn-HyLzxaawtwHL41e0m9Q  udata(b7a440c0) 
[2020/12/28 15:09:10 489] ivw_local  1376 last gc at  1609139349  
[2020/12/28 15:09:10 492] ivw_local  1263 SYS_MSG_UNLOAD  
[2020/12/28 15:09:10 492] ivw_local  1376 last gc at  1609139349  
