============================================================
Time  2020/12/15 09:47:00 546 
============================================================
[2020/12/15 09:47:00 546] isr        1659 isr loaded!  
[2020/12/15 09:47:00 546] isr        1642 SYS_MSG_REGCB param0 =   msp_status_cb  param1 =   func(c132160) 
[2020/12/15 09:47:00 546] isr        1537 ASR_MSG_SSB  
[2020/12/15 09:47:00 546] isr        1066 session_begin() [in], params:   engine_type = local, 		asr_res_path = fo|res/asr/common.jet, sample_rate = 16000, 		grm_build_path = res/asr/GrmBuilld, local_grammar = call, 		result_type = xml, result_encoding = UTF-8,   nil  
[2020/12/15 09:47:00 546] isr        927  vad_set [in]  
[2020/12/15 09:47:00 547] isr        962  vad_enable :  true  
[2020/12/15 09:47:00 547] isr        980  vad_bos :  10000  
[2020/12/15 09:47:00 547] isr        981  vad_eos :  2000  
[2020/12/15 09:47:00 547] isr        886  enable_vad [in]  
[2020/12/15 09:47:00 547] isr        918  vad enabled!  2000  10000  
[2020/12/15 09:47:00 547] isr        921  enable_vad [out]  
[2020/12/15 09:47:00 547] isr        987  vad_set [out] | ret =  0  
[2020/12/15 09:47:00 547] isr        1182 cur_engine_type =   local  
[2020/12/15 09:47:00 547] isr        992  local_session_begin  
[2020/12/15 09:47:00 553] isr        1547 ASR_MSG_AUW,   local  
[2020/12/15 09:47:00 553] isr        1559 6400  1  
[2020/12/15 09:47:00 553] isr        1569 once_bytes:   6400  
[2020/12/15 09:47:00 555] isr        851  [aud] speech start  
[2020/12/15 09:47:00 555] isr        798  1  msc  
[2020/12/15 09:47:00 703] isr        1547 ASR_MSG_AUW,   local  
[2020/12/15 09:47:00 703] isr        1559 6400  2  
[2020/12/15 09:47:00 853] isr        1547 ASR_MSG_AUW,   local  
[2020/12/15 09:47:00 853] isr        1559 6400  2  
[2020/12/15 09:47:01 004] isr        1547 ASR_MSG_AUW,   local  
[2020/12/15 09:47:01 004] isr        1559 6400  2  
[2020/12/15 09:47:01 154] isr        1547 ASR_MSG_AUW,   local  
[2020/12/15 09:47:01 154] isr        1559 6400  2  
[2020/12/15 09:47:01 305] isr        1547 ASR_MSG_AUW,   local  
[2020/12/15 09:47:01 305] isr        1559 6400  2  
[2020/12/15 09:47:01 455] isr        1547 ASR_MSG_AUW,   local  
[2020/12/15 09:47:01 455] isr        1559 6400  2  
[2020/12/15 09:47:01 605] isr        1547 ASR_MSG_AUW,   local  
[2020/12/15 09:47:01 605] isr        1559 6400  2  
[2020/12/15 09:47:01 606] isr        723  local_cbmsg_handler  ,msg=  404  param1=  nil  
[2020/12/15 09:47:01 756] isr        1547 ASR_MSG_AUW,   local  
[2020/12/15 09:47:01 756] isr        1559 6400  2  
[2020/12/15 09:47:01 906] isr        1547 ASR_MSG_AUW,   local  
[2020/12/15 09:47:01 906] isr        1559 6400  2  
[2020/12/15 09:47:02 057] isr        1547 ASR_MSG_AUW,   local  
[2020/12/15 09:47:02 057] isr        1559 6400  2  
[2020/12/15 09:47:02 207] isr        1547 ASR_MSG_AUW,   local  
[2020/12/15 09:47:02 207] isr        1559 6400  2  
[2020/12/15 09:47:02 359] isr        1547 ASR_MSG_AUW,   local  
[2020/12/15 09:47:02 359] isr        1559 6400  2  
[2020/12/15 09:47:02 509] isr        1547 ASR_MSG_AUW,   local  
[2020/12/15 09:47:02 509] isr        1559 6400  2  
[2020/12/15 09:47:02 659] isr        1547 ASR_MSG_AUW,   local  
[2020/12/15 09:47:02 659] isr        1559 6400  2  
[2020/12/15 09:47:02 810] isr        1547 ASR_MSG_AUW,   local  
[2020/12/15 09:47:02 810] isr        1559 6400  2  
[2020/12/15 09:47:02 960] isr        1547 ASR_MSG_AUW,   local  
[2020/12/15 09:47:02 960] isr        1559 6400  2  
[2020/12/15 09:47:03 110] isr        1547 ASR_MSG_AUW,   local  
[2020/12/15 09:47:03 110] isr        1559 6400  2  
[2020/12/15 09:47:03 260] isr        1547 ASR_MSG_AUW,   local  
[2020/12/15 09:47:03 261] isr        1559 6400  2  
[2020/12/15 09:47:03 411] isr        1547 ASR_MSG_AUW,   local  
[2020/12/15 09:47:03 411] isr        1559 6400  2  
[2020/12/15 09:47:03 561] isr        1547 ASR_MSG_AUW,   local  
[2020/12/15 09:47:03 561] isr        1559 7662  2  
[2020/12/15 09:47:03 712] isr        1547 ASR_MSG_AUW,   local  
[2020/12/15 09:47:03 712] isr        1559 0  4  
[2020/12/15 09:47:03 712] isr        1592 aud end, USER  
[2020/12/15 09:47:03 712] isr        1636 ASR_MSG_GRSLT,   local  
[2020/12/15 09:47:03 712] isr        1307 0  nil  2  
[2020/12/15 09:47:03 712] isr        854  [aud] speech end  
[2020/12/15 09:47:03 712] isr        798  3  msc  
[2020/12/15 09:47:03 712] isr        723  local_cbmsg_handler  ,msg=  406  param1=  nil  
[2020/12/15 09:47:03 724] isr        723  local_cbmsg_handler  ,msg=  407  param1=  udata(c276288) 
[2020/12/15 09:47:03 724] isr        641  process_result call:  local  udata(c276288) 94  2  
[2020/12/15 09:47:03 724] isr        798  3  msc  
[2020/12/15 09:47:03 724] isr        800  already speech end  
[2020/12/15 09:47:03 725] isr        723  local_cbmsg_handler  ,msg=  408  param1=  nil  
[2020/12/15 09:47:03 725] isr        734  local session recognized end!  
[2020/12/15 09:47:03 863] isr        1636 ASR_MSG_GRSLT,   local  
[2020/12/15 09:47:03 863] isr        1307 0  udata(c276288) 5  
[2020/12/15 09:47:04 013] isr        1639 ASR_MSG_SSE,   local  
[2020/12/15 09:47:04 013] isr        1356 session_end() [in]  
[2020/12/15 09:47:04 013] isr        1377 local_session_end() [in]  
[2020/12/15 09:47:04 015] isr        1416 ASR_LOCAL_MSG_SSE net_type  nil  
[2020/12/15 09:47:04 017] isr        1667 isr unload!  
============================================================
Time  2020/12/15 09:47:09 804 
============================================================
[2020/12/15 09:47:09 804] isr        1659 isr loaded!  
[2020/12/15 09:47:09 804] isr        1642 SYS_MSG_REGCB param0 =   msp_status_cb  param1 =   func(c00fb50) 
[2020/12/15 09:47:09 804] isr        1537 ASR_MSG_SSB  
[2020/12/15 09:47:09 804] isr        1066 session_begin() [in], params:   engine_type = local, 		asr_res_path = fo|res/asr/common.jet, sample_rate = 16000, 		grm_build_path = res/asr/GrmBuilld, local_grammar = call, 		result_type = xml, result_encoding = UTF-8,   nil  
[2020/12/15 09:47:09 805] isr        927  vad_set [in]  
[2020/12/15 09:47:09 805] isr        962  vad_enable :  true  
[2020/12/15 09:47:09 805] isr        980  vad_bos :  10000  
[2020/12/15 09:47:09 805] isr        981  vad_eos :  2000  
[2020/12/15 09:47:09 805] isr        886  enable_vad [in]  
[2020/12/15 09:47:09 805] isr        918  vad enabled!  2000  10000  
[2020/12/15 09:47:09 805] isr        921  enable_vad [out]  
[2020/12/15 09:47:09 805] isr        987  vad_set [out] | ret =  0  
[2020/12/15 09:47:09 805] isr        1182 cur_engine_type =   local  
[2020/12/15 09:47:09 805] isr        992  local_session_begin  
[2020/12/15 09:47:09 810] isr        1547 ASR_MSG_AUW,   local  
[2020/12/15 09:47:09 810] isr        1559 6400  1  
[2020/12/15 09:47:09 810] isr        1569 once_bytes:   6400  
[2020/12/15 09:47:09 811] isr        851  [aud] speech start  
[2020/12/15 09:47:09 811] isr        798  1  msc  
[2020/12/15 09:47:09 960] isr        1547 ASR_MSG_AUW,   local  
[2020/12/15 09:47:09 960] isr        1559 6400  2  
[2020/12/15 09:47:10 111] isr        1547 ASR_MSG_AUW,   local  
[2020/12/15 09:47:10 111] isr        1559 6400  2  
[2020/12/15 09:47:10 261] isr        1547 ASR_MSG_AUW,   local  
[2020/12/15 09:47:10 261] isr        1559 6400  2  
[2020/12/15 09:47:10 412] isr        1547 ASR_MSG_AUW,   local  
[2020/12/15 09:47:10 412] isr        1559 6400  2  
[2020/12/15 09:47:10 415] isr        723  local_cbmsg_handler  ,msg=  404  param1=  nil  
[2020/12/15 09:47:10 562] isr        1547 ASR_MSG_AUW,   local  
[2020/12/15 09:47:10 562] isr        1559 6400  2  
[2020/12/15 09:47:10 713] isr        1547 ASR_MSG_AUW,   local  
[2020/12/15 09:47:10 713] isr        1559 6400  2  
[2020/12/15 09:47:10 863] isr        1547 ASR_MSG_AUW,   local  
[2020/12/15 09:47:10 863] isr        1559 6400  2  
[2020/12/15 09:47:11 014] isr        1547 ASR_MSG_AUW,   local  
[2020/12/15 09:47:11 014] isr        1559 6400  2  
[2020/12/15 09:47:11 164] isr        1547 ASR_MSG_AUW,   local  
[2020/12/15 09:47:11 164] isr        1559 6400  2  
[2020/12/15 09:47:11 314] isr        1547 ASR_MSG_AUW,   local  
[2020/12/15 09:47:11 315] isr        1559 6400  2  
[2020/12/15 09:47:11 465] isr        1547 ASR_MSG_AUW,   local  
[2020/12/15 09:47:11 465] isr        1559 6400  2  
[2020/12/15 09:47:11 616] isr        1547 ASR_MSG_AUW,   local  
[2020/12/15 09:47:11 616] isr        1559 6400  2  
[2020/12/15 09:47:11 766] isr        1547 ASR_MSG_AUW,   local  
[2020/12/15 09:47:11 766] isr        1559 6400  2  
[2020/12/15 09:47:11 916] isr        1547 ASR_MSG_AUW,   local  
[2020/12/15 09:47:11 916] isr        1559 6400  2  
[2020/12/15 09:47:12 066] isr        1547 ASR_MSG_AUW,   local  
[2020/12/15 09:47:12 066] isr        1559 6400  2  
[2020/12/15 09:47:12 217] isr        1547 ASR_MSG_AUW,   local  
[2020/12/15 09:47:12 217] isr        1559 11504  2  
[2020/12/15 09:47:12 367] isr        1547 ASR_MSG_AUW,   local  
[2020/12/15 09:47:12 367] isr        1559 0  4  
[2020/12/15 09:47:12 367] isr        1592 aud end, USER  
[2020/12/15 09:47:12 367] isr        1636 ASR_MSG_GRSLT,   local  
[2020/12/15 09:47:12 367] isr        1307 0  nil  2  
[2020/12/15 09:47:12 367] isr        854  [aud] speech end  
[2020/12/15 09:47:12 367] isr        798  3  msc  
[2020/12/15 09:47:12 368] isr        723  local_cbmsg_handler  ,msg=  406  param1=  nil  
[2020/12/15 09:47:12 379] isr        723  local_cbmsg_handler  ,msg=  407  param1=  udata(c29be68) 
[2020/12/15 09:47:12 379] isr        641  process_result call:  local  udata(c29be68) 84  2  
[2020/12/15 09:47:12 379] isr        798  3  msc  
[2020/12/15 09:47:12 379] isr        800  already speech end  
[2020/12/15 09:47:12 379] isr        723  local_cbmsg_handler  ,msg=  408  param1=  nil  
[2020/12/15 09:47:12 379] isr        734  local session recognized end!  
[2020/12/15 09:47:12 517] isr        1636 ASR_MSG_GRSLT,   local  
[2020/12/15 09:47:12 517] isr        1307 0  udata(c29be68) 5  
[2020/12/15 09:47:12 668] isr        1639 ASR_MSG_SSE,   local  
[2020/12/15 09:47:12 668] isr        1356 session_end() [in]  
[2020/12/15 09:47:12 668] isr        1377 local_session_end() [in]  
[2020/12/15 09:47:12 669] isr        1416 ASR_LOCAL_MSG_SSE net_type  nil  
[2020/12/15 09:47:12 670] isr        1667 isr unload!  
============================================================
Time  2020/12/23 14:34:25 461 
============================================================
[2020/12/23 14:34:25 461] isr        1659 isr loaded!  
[2020/12/23 14:34:25 462] isr        1642 SYS_MSG_REGCB param0 =   msp_status_cb  param1 =   func(38132040) 
[2020/12/23 14:34:25 462] isr        1537 ASR_MSG_SSB  
[2020/12/23 14:34:25 462] isr        1066 session_begin() [in], params:   engine_type = local, 		asr_res_path = fo|res/asr/common.jet, sample_rate = 16000, 		grm_build_path = res/asr/GrmBuilld, local_grammar = call, 		result_type = xml, result_encoding = UTF-8,   nil  
[2020/12/23 14:34:25 462] isr        927  vad_set [in]  
[2020/12/23 14:34:25 462] isr        962  vad_enable :  true  
[2020/12/23 14:34:25 462] isr        980  vad_bos :  10000  
[2020/12/23 14:34:25 462] isr        981  vad_eos :  2000  
[2020/12/23 14:34:25 462] isr        886  enable_vad [in]  
[2020/12/23 14:34:25 462] isr        918  vad enabled!  2000  10000  
[2020/12/23 14:34:25 462] isr        921  enable_vad [out]  
[2020/12/23 14:34:25 462] isr        987  vad_set [out] | ret =  0  
[2020/12/23 14:34:25 462] isr        1182 cur_engine_type =   local  
[2020/12/23 14:34:25 462] isr        992  local_session_begin  
[2020/12/23 14:34:25 466] isr        1547 ASR_MSG_AUW,   local  
[2020/12/23 14:34:25 466] isr        1559 6400  1  
[2020/12/23 14:34:25 466] isr        1569 once_bytes:   6400  
[2020/12/23 14:34:25 466] isr        1547 ASR_MSG_AUW,   local  
[2020/12/23 14:34:25 466] isr        1559 6400  2  
[2020/12/23 14:34:25 466] isr        1547 ASR_MSG_AUW,   local  
[2020/12/23 14:34:25 466] isr        1559 6400  2  
[2020/12/23 14:34:25 466] isr        1547 ASR_MSG_AUW,   local  
[2020/12/23 14:34:25 466] isr        1559 6400  2  
[2020/12/23 14:34:25 466] isr        1547 ASR_MSG_AUW,   local  
[2020/12/23 14:34:25 466] isr        1559 6400  2  
[2020/12/23 14:34:25 466] isr        1547 ASR_MSG_AUW,   local  
[2020/12/23 14:34:25 466] isr        1559 6400  2  
[2020/12/23 14:34:25 466] isr        1547 ASR_MSG_AUW,   local  
[2020/12/23 14:34:25 466] isr        1559 6400  2  
[2020/12/23 14:34:25 466] isr        1547 ASR_MSG_AUW,   local  
[2020/12/23 14:34:25 466] isr        1559 6400  2  
[2020/12/23 14:34:25 466] isr        1547 ASR_MSG_AUW,   local  
[2020/12/23 14:34:25 466] isr        1559 6400  2  
[2020/12/23 14:34:25 467] isr        1547 ASR_MSG_AUW,   local  
[2020/12/23 14:34:25 467] isr        1559 6400  2  
[2020/12/23 14:34:25 467] isr        1547 ASR_MSG_AUW,   local  
[2020/12/23 14:34:25 467] isr        1559 6400  2  
[2020/12/23 14:34:25 467] isr        1547 ASR_MSG_AUW,   local  
[2020/12/23 14:34:25 467] isr        1559 6400  2  
[2020/12/23 14:34:25 467] isr        1547 ASR_MSG_AUW,   local  
[2020/12/23 14:34:25 467] isr        1559 6400  2  
[2020/12/23 14:34:25 467] isr        1547 ASR_MSG_AUW,   local  
[2020/12/23 14:34:25 467] isr        1559 6400  2  
[2020/12/23 14:34:25 467] isr        1547 ASR_MSG_AUW,   local  
[2020/12/23 14:34:25 467] isr        1559 6400  2  
[2020/12/23 14:34:25 467] isr        1547 ASR_MSG_AUW,   local  
[2020/12/23 14:34:25 467] isr        1559 6400  2  
[2020/12/23 14:34:25 467] isr        1547 ASR_MSG_AUW,   local  
[2020/12/23 14:34:25 467] isr        1559 11504  2  
[2020/12/23 14:34:25 468] isr        1547 ASR_MSG_AUW,   local  
[2020/12/23 14:34:25 468] isr        1559 0  4  
[2020/12/23 14:34:25 468] isr        1592 aud end, USER  
[2020/12/23 14:34:25 468] isr        1636 ASR_MSG_GRSLT,   local  
[2020/12/23 14:34:25 468] isr        1307 0  nil  2  
[2020/12/23 14:34:25 476] isr        851  [aud] speech start  
[2020/12/23 14:34:25 476] isr        798  1  msc  
[2020/12/23 14:34:25 510] isr        854  [aud] speech end  
[2020/12/23 14:34:25 511] isr        798  3  msc  
[2020/12/23 14:34:25 511] isr        723  local_cbmsg_handler  ,msg=  406  param1=  nil  
[2020/12/23 14:34:25 542] isr        723  local_cbmsg_handler  ,msg=  404  param1=  nil  
[2020/12/23 14:34:25 576] isr        1636 ASR_MSG_GRSLT,   local  
[2020/12/23 14:34:25 576] isr        1307 0  nil  2  
[2020/12/23 14:34:25 677] isr        1636 ASR_MSG_GRSLT,   local  
[2020/12/23 14:34:25 677] isr        1307 0  nil  2  
[2020/12/23 14:34:25 702] isr        723  local_cbmsg_handler  ,msg=  407  param1=  nil  
[2020/12/23 14:34:25 702] isr        641  process_result call:  local  nil  0  2  
[2020/12/23 14:34:25 702] isr        798  3  msc  
[2020/12/23 14:34:25 702] isr        800  already speech end  
[2020/12/23 14:34:25 702] isr        723  local_cbmsg_handler  ,msg=  408  param1=  nil  
[2020/12/23 14:34:25 702] isr        734  local session recognized end!  
[2020/12/23 14:34:25 777] isr        1636 ASR_MSG_GRSLT,   local  
[2020/12/23 14:34:25 777] isr        1307 0  nil  5  
[2020/12/23 14:34:25 878] isr        1639 ASR_MSG_SSE,   local  
[2020/12/23 14:34:25 878] isr        1356 session_end() [in]  
[2020/12/23 14:34:25 878] isr        1377 local_session_end() [in]  
[2020/12/23 14:34:25 878] isr        1416 ASR_LOCAL_MSG_SSE net_type  nil  
[2020/12/23 14:34:25 879] isr        1667 isr unload!  
============================================================
Time  2020/12/23 14:34:49 942 
============================================================
[2020/12/23 14:34:49 942] isr        1659 isr loaded!  
[2020/12/23 14:34:49 942] isr        1642 SYS_MSG_REGCB param0 =   msp_status_cb  param1 =   func(38272f50) 
[2020/12/23 14:34:49 943] isr        1537 ASR_MSG_SSB  
[2020/12/23 14:34:49 943] isr        1066 session_begin() [in], params:   engine_type = local, 		asr_res_path = fo|res/asr/common.jet, sample_rate = 16000, 		grm_build_path = res/asr/GrmBuilld, local_grammar = call, 		result_type = xml, result_encoding = UTF-8,   nil  
[2020/12/23 14:34:49 943] isr        927  vad_set [in]  
[2020/12/23 14:34:49 943] isr        962  vad_enable :  true  
[2020/12/23 14:34:49 943] isr        980  vad_bos :  10000  
[2020/12/23 14:34:49 943] isr        981  vad_eos :  2000  
[2020/12/23 14:34:49 943] isr        886  enable_vad [in]  
[2020/12/23 14:34:49 943] isr        918  vad enabled!  2000  10000  
[2020/12/23 14:34:49 943] isr        921  enable_vad [out]  
[2020/12/23 14:34:49 943] isr        987  vad_set [out] | ret =  0  
[2020/12/23 14:34:49 943] isr        1182 cur_engine_type =   local  
[2020/12/23 14:34:49 943] isr        992  local_session_begin  
[2020/12/23 14:34:49 945] isr        1547 ASR_MSG_AUW,   local  
[2020/12/23 14:34:49 945] isr        1559 6400  1  
[2020/12/23 14:34:49 945] isr        1569 once_bytes:   6400  
[2020/12/23 14:34:49 946] isr        1547 ASR_MSG_AUW,   local  
[2020/12/23 14:34:49 946] isr        1559 6400  2  
[2020/12/23 14:34:49 946] isr        1547 ASR_MSG_AUW,   local  
[2020/12/23 14:34:49 946] isr        1559 6400  2  
[2020/12/23 14:34:49 946] isr        1547 ASR_MSG_AUW,   local  
[2020/12/23 14:34:49 946] isr        1559 6400  2  
[2020/12/23 14:34:49 946] isr        1547 ASR_MSG_AUW,   local  
[2020/12/23 14:34:49 946] isr        1559 6400  2  
[2020/12/23 14:34:49 946] isr        1547 ASR_MSG_AUW,   local  
[2020/12/23 14:34:49 946] isr        1559 6400  2  
[2020/12/23 14:34:49 946] isr        1547 ASR_MSG_AUW,   local  
[2020/12/23 14:34:49 946] isr        1559 6400  2  
[2020/12/23 14:34:49 946] isr        1547 ASR_MSG_AUW,   local  
[2020/12/23 14:34:49 946] isr        1559 6400  2  
[2020/12/23 14:34:49 946] isr        1547 ASR_MSG_AUW,   local  
[2020/12/23 14:34:49 946] isr        1559 6400  2  
[2020/12/23 14:34:49 946] isr        1547 ASR_MSG_AUW,   local  
[2020/12/23 14:34:49 946] isr        1559 6400  2  
[2020/12/23 14:34:49 950] isr        1547 ASR_MSG_AUW,   local  
[2020/12/23 14:34:49 950] isr        1559 6400  2  
[2020/12/23 14:34:49 951] isr        1547 ASR_MSG_AUW,   local  
[2020/12/23 14:34:49 951] isr        1559 6400  2  
[2020/12/23 14:34:49 951] isr        1547 ASR_MSG_AUW,   local  
[2020/12/23 14:34:49 951] isr        1559 6400  2  
[2020/12/23 14:34:49 951] isr        1547 ASR_MSG_AUW,   local  
[2020/12/23 14:34:49 951] isr        1559 6400  2  
[2020/12/23 14:34:49 951] isr        1547 ASR_MSG_AUW,   local  
[2020/12/23 14:34:49 951] isr        1559 6400  2  
[2020/12/23 14:34:49 951] isr        1547 ASR_MSG_AUW,   local  
[2020/12/23 14:34:49 951] isr        1559 6400  2  
[2020/12/23 14:34:49 951] isr        1547 ASR_MSG_AUW,   local  
[2020/12/23 14:34:49 951] isr        1559 11504  2  
[2020/12/23 14:34:49 951] isr        1547 ASR_MSG_AUW,   local  
[2020/12/23 14:34:49 951] isr        1559 0  4  
[2020/12/23 14:34:49 951] isr        1592 aud end, USER  
[2020/12/23 14:34:49 952] isr        851  [aud] speech start  
[2020/12/23 14:34:49 952] isr        798  1  msc  
[2020/12/23 14:34:49 952] isr        1636 ASR_MSG_GRSLT,   local  
[2020/12/23 14:34:49 952] isr        1307 0  nil  2  
[2020/12/23 14:34:49 966] isr        854  [aud] speech end  
[2020/12/23 14:34:49 966] isr        798  3  msc  
[2020/12/23 14:34:50 051] isr        723  local_cbmsg_handler  ,msg=  406  param1=  nil  
[2020/12/23 14:34:50 052] isr        1636 ASR_MSG_GRSLT,   local  
[2020/12/23 14:34:50 052] isr        1307 0  nil  2  
[2020/12/23 14:34:50 074] isr        723  local_cbmsg_handler  ,msg=  404  param1=  nil  
[2020/12/23 14:34:50 153] isr        1636 ASR_MSG_GRSLT,   local  
[2020/12/23 14:34:50 153] isr        1307 0  nil  2  
[2020/12/23 14:34:50 223] isr        723  local_cbmsg_handler  ,msg=  407  param1=  udata(382a2918) 
[2020/12/23 14:34:50 223] isr        641  process_result call:  local  udata(382a2918) 93  2  
[2020/12/23 14:34:50 223] isr        798  3  msc  
[2020/12/23 14:34:50 223] isr        800  already speech end  
[2020/12/23 14:34:50 223] isr        723  local_cbmsg_handler  ,msg=  408  param1=  nil  
[2020/12/23 14:34:50 223] isr        734  local session recognized end!  
[2020/12/23 14:34:50 253] isr        1636 ASR_MSG_GRSLT,   local  
[2020/12/23 14:34:50 253] isr        1307 0  udata(382a2918) 5  
[2020/12/23 14:34:50 354] isr        1639 ASR_MSG_SSE,   local  
[2020/12/23 14:34:50 354] isr        1356 session_end() [in]  
[2020/12/23 14:34:50 354] isr        1377 local_session_end() [in]  
[2020/12/23 14:34:50 354] isr        1416 ASR_LOCAL_MSG_SSE net_type  nil  
[2020/12/23 14:34:50 355] isr        1667 isr unload!  
============================================================
Time  2020/12/23 15:21:27 875 
============================================================
[2020/12/23 15:21:27 875] isr        1659 isr loaded!  
[2020/12/23 15:21:27 875] isr        1642 SYS_MSG_REGCB param0 =   msp_status_cb  param1 =   func(c01320b0) 
[2020/12/23 15:21:27 875] isr        1537 ASR_MSG_SSB  
[2020/12/23 15:21:27 875] isr        1066 session_begin() [in], params:   engine_type = local, 		asr_res_path = fo|res/asr/common.jet, sample_rate = 16000, 		grm_build_path = res/asr/GrmBuilld, local_grammar = call, 		result_type = xml, result_encoding = UTF-8,   nil  
[2020/12/23 15:21:27 875] isr        927  vad_set [in]  
[2020/12/23 15:21:27 875] isr        962  vad_enable :  true  
[2020/12/23 15:21:27 875] isr        980  vad_bos :  10000  
[2020/12/23 15:21:27 875] isr        981  vad_eos :  2000  
[2020/12/23 15:21:27 875] isr        886  enable_vad [in]  
[2020/12/23 15:21:27 875] isr        918  vad enabled!  2000  10000  
[2020/12/23 15:21:27 875] isr        921  enable_vad [out]  
[2020/12/23 15:21:27 875] isr        987  vad_set [out] | ret =  0  
[2020/12/23 15:21:27 875] isr        1182 cur_engine_type =   local  
[2020/12/23 15:21:27 875] isr        992  local_session_begin  
[2020/12/23 15:21:28 031] isr        1547 ASR_MSG_AUW,   local  
[2020/12/23 15:21:28 031] isr        1559 3200  1  
[2020/12/23 15:21:28 031] isr        1569 once_bytes:   3200  
[2020/12/23 15:21:28 031] isr        851  [aud] speech start  
[2020/12/23 15:21:28 031] isr        798  1  msc  
[2020/12/23 15:21:28 145] isr        1547 ASR_MSG_AUW,   local  
[2020/12/23 15:21:28 145] isr        1559 3200  2  
[2020/12/23 15:21:28 260] isr        1547 ASR_MSG_AUW,   local  
[2020/12/23 15:21:28 260] isr        1559 3200  2  
[2020/12/23 15:21:28 375] isr        1547 ASR_MSG_AUW,   local  
[2020/12/23 15:21:28 375] isr        1559 3200  2  
[2020/12/23 15:21:28 489] isr        1547 ASR_MSG_AUW,   local  
[2020/12/23 15:21:28 489] isr        1559 3200  2  
[2020/12/23 15:21:28 605] isr        1547 ASR_MSG_AUW,   local  
[2020/12/23 15:21:28 605] isr        1559 3200  2  
[2020/12/23 15:21:28 720] isr        1547 ASR_MSG_AUW,   local  
[2020/12/23 15:21:28 720] isr        1559 3200  2  
[2020/12/23 15:21:28 720] isr        1547 ASR_MSG_AUW,   local  
[2020/12/23 15:21:28 720] isr        1559 3200  2  
[2020/12/23 15:21:28 833] isr        1547 ASR_MSG_AUW,   local  
[2020/12/23 15:21:28 833] isr        1559 3200  2  
[2020/12/23 15:21:28 949] isr        1547 ASR_MSG_AUW,   local  
[2020/12/23 15:21:28 949] isr        1559 3200  2  
[2020/12/23 15:21:29 066] isr        1547 ASR_MSG_AUW,   local  
[2020/12/23 15:21:29 066] isr        1559 3200  2  
[2020/12/23 15:21:29 181] isr        1547 ASR_MSG_AUW,   local  
[2020/12/23 15:21:29 181] isr        1559 3200  2  
[2020/12/23 15:21:29 295] isr        1547 ASR_MSG_AUW,   local  
[2020/12/23 15:21:29 295] isr        1559 3200  2  
[2020/12/23 15:21:29 409] isr        1547 ASR_MSG_AUW,   local  
[2020/12/23 15:21:29 409] isr        1559 3200  2  
[2020/12/23 15:21:29 525] isr        1547 ASR_MSG_AUW,   local  
[2020/12/23 15:21:29 525] isr        1559 3200  2  
[2020/12/23 15:21:29 525] isr        1547 ASR_MSG_AUW,   local  
[2020/12/23 15:21:29 525] isr        1559 3200  2  
[2020/12/23 15:21:29 639] isr        1547 ASR_MSG_AUW,   local  
[2020/12/23 15:21:29 639] isr        1559 3200  2  
[2020/12/23 15:21:29 754] isr        1547 ASR_MSG_AUW,   local  
[2020/12/23 15:21:29 754] isr        1559 3200  2  
[2020/12/23 15:21:29 869] isr        1547 ASR_MSG_AUW,   local  
[2020/12/23 15:21:29 869] isr        1559 3200  2  
[2020/12/23 15:21:29 984] isr        1547 ASR_MSG_AUW,   local  
[2020/12/23 15:21:29 984] isr        1559 3200  2  
[2020/12/23 15:21:30 099] isr        1547 ASR_MSG_AUW,   local  
[2020/12/23 15:21:30 099] isr        1559 3200  2  
[2020/12/23 15:21:30 214] isr        1547 ASR_MSG_AUW,   local  
[2020/12/23 15:21:30 214] isr        1559 3200  2  
[2020/12/23 15:21:30 328] isr        1547 ASR_MSG_AUW,   local  
[2020/12/23 15:21:30 328] isr        1559 3200  2  
[2020/12/23 15:21:30 328] isr        1547 ASR_MSG_AUW,   local  
[2020/12/23 15:21:30 328] isr        1559 3200  2  
[2020/12/23 15:21:30 446] isr        1547 ASR_MSG_AUW,   local  
[2020/12/23 15:21:30 446] isr        1559 3200  2  
[2020/12/23 15:21:30 558] isr        1547 ASR_MSG_AUW,   local  
[2020/12/23 15:21:30 558] isr        1559 3200  2  
[2020/12/23 15:21:30 672] isr        1547 ASR_MSG_AUW,   local  
[2020/12/23 15:21:30 672] isr        1559 3200  2  
[2020/12/23 15:21:30 787] isr        1547 ASR_MSG_AUW,   local  
[2020/12/23 15:21:30 787] isr        1559 3200  2  
[2020/12/23 15:21:30 902] isr        1547 ASR_MSG_AUW,   local  
[2020/12/23 15:21:30 902] isr        1559 3200  2  
[2020/12/23 15:21:31 017] isr        1547 ASR_MSG_AUW,   local  
[2020/12/23 15:21:31 017] isr        1559 3200  2  
[2020/12/23 15:21:31 132] isr        1547 ASR_MSG_AUW,   local  
[2020/12/23 15:21:31 132] isr        1559 3200  2  
[2020/12/23 15:21:31 132] isr        1547 ASR_MSG_AUW,   local  
[2020/12/23 15:21:31 132] isr        1559 3200  2  
[2020/12/23 15:21:31 134] isr        723  local_cbmsg_handler  ,msg=  406  param1=  nil  
[2020/12/23 15:21:31 135] isr        723  local_cbmsg_handler  ,msg=  nil  param1=  nil  
[2020/12/23 15:21:31 135] isr        723  local_cbmsg_handler  ,msg=  408  param1=  nil  
[2020/12/23 15:21:31 135] isr        734  local session recognized end!  
[2020/12/23 15:21:31 135] isr        641  process_result call:  local  nil  0  2  
[2020/12/23 15:21:31 135] isr        798  3  msc  
[2020/12/23 15:21:31 246] isr        1547 ASR_MSG_AUW,   local  
[2020/12/23 15:21:31 246] isr        1559 3200  2  
[2020/12/23 15:21:31 247] isr        1636 ASR_MSG_GRSLT,   local  
[2020/12/23 15:21:31 247] isr        1307 0  nil  5  
[2020/12/23 15:21:31 348] isr        1639 ASR_MSG_SSE,   local  
[2020/12/23 15:21:31 348] isr        1356 session_end() [in]  
[2020/12/23 15:21:31 348] isr        1377 local_session_end() [in]  
[2020/12/23 15:21:31 348] isr        1416 ASR_LOCAL_MSG_SSE net_type  nil  
[2020/12/23 15:21:31 350] isr        1667 isr unload!  
============================================================
Time  2020/12/23 15:23:02 945 
============================================================
[2020/12/23 15:23:02 945] isr        1659 isr loaded!  
[2020/12/23 15:23:02 945] isr        1642 SYS_MSG_REGCB param0 =   msp_status_cb  param1 =   func(c01321b0) 
[2020/12/23 15:23:02 945] isr        1537 ASR_MSG_SSB  
[2020/12/23 15:23:02 945] isr        1066 session_begin() [in], params:   engine_type = local, 		asr_res_path = fo|res/asr/common.jet, sample_rate = 16000, 		grm_build_path = res/asr/GrmBuilld, local_grammar = call, 		result_type = xml, result_encoding = UTF-8,   nil  
[2020/12/23 15:23:02 945] isr        927  vad_set [in]  
[2020/12/23 15:23:02 945] isr        962  vad_enable :  true  
[2020/12/23 15:23:02 945] isr        980  vad_bos :  10000  
[2020/12/23 15:23:02 945] isr        981  vad_eos :  2000  
[2020/12/23 15:23:02 945] isr        886  enable_vad [in]  
[2020/12/23 15:23:02 945] isr        918  vad enabled!  2000  10000  
[2020/12/23 15:23:02 946] isr        921  enable_vad [out]  
[2020/12/23 15:23:02 946] isr        987  vad_set [out] | ret =  0  
[2020/12/23 15:23:02 946] isr        1182 cur_engine_type =   local  
[2020/12/23 15:23:02 946] isr        992  local_session_begin  
[2020/12/23 15:23:03 071] isr        1547 ASR_MSG_AUW,   local  
[2020/12/23 15:23:03 071] isr        1559 3200  1  
[2020/12/23 15:23:03 071] isr        1569 once_bytes:   3200  
[2020/12/23 15:23:03 071] isr        851  [aud] speech start  
[2020/12/23 15:23:03 071] isr        798  1  msc  
[2020/12/23 15:23:03 186] isr        1547 ASR_MSG_AUW,   local  
[2020/12/23 15:23:03 186] isr        1559 3200  2  
[2020/12/23 15:23:03 301] isr        1547 ASR_MSG_AUW,   local  
[2020/12/23 15:23:03 301] isr        1559 3200  2  
[2020/12/23 15:23:03 416] isr        1547 ASR_MSG_AUW,   local  
[2020/12/23 15:23:03 416] isr        1559 3200  2  
[2020/12/23 15:23:03 530] isr        1547 ASR_MSG_AUW,   local  
[2020/12/23 15:23:03 530] isr        1559 3200  2  
[2020/12/23 15:23:03 645] isr        1547 ASR_MSG_AUW,   local  
[2020/12/23 15:23:03 645] isr        1559 3200  2  
[2020/12/23 15:23:03 760] isr        1547 ASR_MSG_AUW,   local  
[2020/12/23 15:23:03 760] isr        1559 3200  2  
[2020/12/23 15:23:03 760] isr        1547 ASR_MSG_AUW,   local  
[2020/12/23 15:23:03 760] isr        1559 3200  2  
[2020/12/23 15:23:03 874] isr        1547 ASR_MSG_AUW,   local  
[2020/12/23 15:23:03 874] isr        1559 3200  2  
[2020/12/23 15:23:03 989] isr        1547 ASR_MSG_AUW,   local  
[2020/12/23 15:23:03 989] isr        1559 3200  2  
[2020/12/23 15:23:04 106] isr        1547 ASR_MSG_AUW,   local  
[2020/12/23 15:23:04 106] isr        1559 3200  2  
[2020/12/23 15:23:04 221] isr        1547 ASR_MSG_AUW,   local  
[2020/12/23 15:23:04 221] isr        1559 3200  2  
[2020/12/23 15:23:04 336] isr        1547 ASR_MSG_AUW,   local  
[2020/12/23 15:23:04 336] isr        1559 3200  2  
[2020/12/23 15:23:04 452] isr        1547 ASR_MSG_AUW,   local  
[2020/12/23 15:23:04 452] isr        1559 3200  2  
[2020/12/23 15:23:04 573] isr        1547 ASR_MSG_AUW,   local  
[2020/12/23 15:23:04 573] isr        1559 3200  2  
[2020/12/23 15:23:04 573] isr        1547 ASR_MSG_AUW,   local  
[2020/12/23 15:23:04 573] isr        1559 3200  2  
[2020/12/23 15:23:04 574] isr        723  local_cbmsg_handler  ,msg=  404  param1=  nil  
[2020/12/23 15:23:04 687] isr        1547 ASR_MSG_AUW,   local  
[2020/12/23 15:23:04 687] isr        1559 3200  2  
[2020/12/23 15:23:04 802] isr        1547 ASR_MSG_AUW,   local  
[2020/12/23 15:23:04 802] isr        1559 3200  2  
[2020/12/23 15:23:04 918] isr        1547 ASR_MSG_AUW,   local  
[2020/12/23 15:23:04 918] isr        1559 3200  2  
[2020/12/23 15:23:05 032] isr        1547 ASR_MSG_AUW,   local  
[2020/12/23 15:23:05 032] isr        1559 3200  2  
[2020/12/23 15:23:05 147] isr        1547 ASR_MSG_AUW,   local  
[2020/12/23 15:23:05 147] isr        1559 3200  2  
[2020/12/23 15:23:05 262] isr        1547 ASR_MSG_AUW,   local  
[2020/12/23 15:23:05 262] isr        1559 3200  2  
[2020/12/23 15:23:05 376] isr        1547 ASR_MSG_AUW,   local  
[2020/12/23 15:23:05 376] isr        1559 3200  2  
[2020/12/23 15:23:05 376] isr        1547 ASR_MSG_AUW,   local  
[2020/12/23 15:23:05 376] isr        1559 3200  2  
[2020/12/23 15:23:05 491] isr        1547 ASR_MSG_AUW,   local  
[2020/12/23 15:23:05 491] isr        1559 3200  2  
[2020/12/23 15:23:05 606] isr        1547 ASR_MSG_AUW,   local  
[2020/12/23 15:23:05 606] isr        1559 3200  2  
[2020/12/23 15:23:05 721] isr        1547 ASR_MSG_AUW,   local  
[2020/12/23 15:23:05 721] isr        1559 3200  2  
[2020/12/23 15:23:05 836] isr        1547 ASR_MSG_AUW,   local  
[2020/12/23 15:23:05 836] isr        1559 3200  2  
[2020/12/23 15:23:05 950] isr        1547 ASR_MSG_AUW,   local  
[2020/12/23 15:23:05 950] isr        1559 3200  2  
[2020/12/23 15:23:06 065] isr        1547 ASR_MSG_AUW,   local  
[2020/12/23 15:23:06 065] isr        1559 3200  2  
[2020/12/23 15:23:06 179] isr        1547 ASR_MSG_AUW,   local  
[2020/12/23 15:23:06 179] isr        1559 3200  2  
[2020/12/23 15:23:06 179] isr        1547 ASR_MSG_AUW,   local  
[2020/12/23 15:23:06 180] isr        1559 3200  2  
[2020/12/23 15:23:06 294] isr        1547 ASR_MSG_AUW,   local  
[2020/12/23 15:23:06 294] isr        1559 3200  2  
[2020/12/23 15:23:06 409] isr        1547 ASR_MSG_AUW,   local  
[2020/12/23 15:23:06 409] isr        1559 3200  2  
[2020/12/23 15:23:06 524] isr        1547 ASR_MSG_AUW,   local  
[2020/12/23 15:23:06 524] isr        1559 3200  2  
[2020/12/23 15:23:06 638] isr        1547 ASR_MSG_AUW,   local  
[2020/12/23 15:23:06 638] isr        1559 3200  2  
[2020/12/23 15:23:06 754] isr        1547 ASR_MSG_AUW,   local  
[2020/12/23 15:23:06 754] isr        1559 3200  2  
[2020/12/23 15:23:06 868] isr        1547 ASR_MSG_AUW,   local  
[2020/12/23 15:23:06 868] isr        1559 3200  2  
[2020/12/23 15:23:06 868] isr        1547 ASR_MSG_AUW,   local  
[2020/12/23 15:23:06 868] isr        1559 3200  2  
[2020/12/23 15:23:06 870] isr        723  local_cbmsg_handler  ,msg=  405  param1=  nil  
[2020/12/23 15:23:06 870] isr        729  local speech end  
[2020/12/23 15:23:06 870] isr        798  3  local  
[2020/12/23 15:23:06 870] isr        723  local_cbmsg_handler  ,msg=  406  param1=  nil  
[2020/12/23 15:23:06 882] isr        723  local_cbmsg_handler  ,msg=  407  param1=  udata(c02984f8) 
[2020/12/23 15:23:06 882] isr        641  process_result call:  local  udata(c02984f8) 42  2  
[2020/12/23 15:23:06 882] isr        798  3  msc  
[2020/12/23 15:23:06 882] isr        800  already speech end  
[2020/12/23 15:23:06 882] isr        723  local_cbmsg_handler  ,msg=  408  param1=  nil  
[2020/12/23 15:23:06 882] isr        734  local session recognized end!  
[2020/12/23 15:23:06 983] isr        1547 ASR_MSG_AUW,   local  
[2020/12/23 15:23:06 983] isr        1559 3200  2  
[2020/12/23 15:23:06 984] isr        1636 ASR_MSG_GRSLT,   local  
[2020/12/23 15:23:06 984] isr        1307 0  udata(c02984f8) 5  
[2020/12/23 15:23:07 085] isr        1639 ASR_MSG_SSE,   local  
[2020/12/23 15:23:07 085] isr        1356 session_end() [in]  
[2020/12/23 15:23:07 085] isr        1377 local_session_end() [in]  
[2020/12/23 15:23:07 085] isr        1416 ASR_LOCAL_MSG_SSE net_type  nil  
[2020/12/23 15:23:07 086] isr        1667 isr unload!  
============================================================
Time  2020/12/23 15:23:15 376 
============================================================
[2020/12/23 15:23:15 376] isr        1659 isr loaded!  
[2020/12/23 15:23:15 376] isr        1642 SYS_MSG_REGCB param0 =   msp_status_cb  param1 =   func(981321b0) 
[2020/12/23 15:23:15 376] isr        1537 ASR_MSG_SSB  
[2020/12/23 15:23:15 376] isr        1066 session_begin() [in], params:   engine_type = local, 		asr_res_path = fo|res/asr/common.jet, sample_rate = 16000, 		grm_build_path = res/asr/GrmBuilld, local_grammar = call, 		result_type = xml, result_encoding = UTF-8,   nil  
[2020/12/23 15:23:15 383] isr        927  vad_set [in]  
[2020/12/23 15:23:15 383] isr        962  vad_enable :  true  
[2020/12/23 15:23:15 383] isr        980  vad_bos :  10000  
[2020/12/23 15:23:15 383] isr        981  vad_eos :  2000  
[2020/12/23 15:23:15 383] isr        886  enable_vad [in]  
[2020/12/23 15:23:15 383] isr        918  vad enabled!  2000  10000  
[2020/12/23 15:23:15 383] isr        921  enable_vad [out]  
[2020/12/23 15:23:15 383] isr        987  vad_set [out] | ret =  0  
[2020/12/23 15:23:15 383] isr        1182 cur_engine_type =   local  
[2020/12/23 15:23:15 383] isr        992  local_session_begin  
[2020/12/23 15:23:15 490] isr        1547 ASR_MSG_AUW,   local  
[2020/12/23 15:23:15 490] isr        1559 3200  1  
[2020/12/23 15:23:15 490] isr        1569 once_bytes:   3200  
[2020/12/23 15:23:15 490] isr        851  [aud] speech start  
[2020/12/23 15:23:15 490] isr        798  1  msc  
[2020/12/23 15:23:15 611] isr        1547 ASR_MSG_AUW,   local  
[2020/12/23 15:23:15 611] isr        1559 3200  2  
[2020/12/23 15:23:15 726] isr        1547 ASR_MSG_AUW,   local  
[2020/12/23 15:23:15 726] isr        1559 3200  2  
[2020/12/23 15:23:15 841] isr        1547 ASR_MSG_AUW,   local  
[2020/12/23 15:23:15 841] isr        1559 3200  2  
[2020/12/23 15:23:15 956] isr        1547 ASR_MSG_AUW,   local  
[2020/12/23 15:23:15 956] isr        1559 3200  2  
[2020/12/23 15:23:16 070] isr        1547 ASR_MSG_AUW,   local  
[2020/12/23 15:23:16 070] isr        1559 3200  2  
[2020/12/23 15:23:16 185] isr        1547 ASR_MSG_AUW,   local  
[2020/12/23 15:23:16 185] isr        1559 3200  2  
[2020/12/23 15:23:16 185] isr        1547 ASR_MSG_AUW,   local  
[2020/12/23 15:23:16 185] isr        1559 3200  2  
[2020/12/23 15:23:16 300] isr        1547 ASR_MSG_AUW,   local  
[2020/12/23 15:23:16 300] isr        1559 3200  2  
[2020/12/23 15:23:16 415] isr        1547 ASR_MSG_AUW,   local  
[2020/12/23 15:23:16 415] isr        1559 3200  2  
[2020/12/23 15:23:16 530] isr        1547 ASR_MSG_AUW,   local  
[2020/12/23 15:23:16 530] isr        1559 3200  2  
[2020/12/23 15:23:16 644] isr        1547 ASR_MSG_AUW,   local  
[2020/12/23 15:23:16 644] isr        1559 3200  2  
[2020/12/23 15:23:16 759] isr        1547 ASR_MSG_AUW,   local  
[2020/12/23 15:23:16 759] isr        1559 3200  2  
[2020/12/23 15:23:16 874] isr        1547 ASR_MSG_AUW,   local  
[2020/12/23 15:23:16 874] isr        1559 3200  2  
[2020/12/23 15:23:16 989] isr        1547 ASR_MSG_AUW,   local  
[2020/12/23 15:23:16 989] isr        1559 3200  2  
[2020/12/23 15:23:16 989] isr        1547 ASR_MSG_AUW,   local  
[2020/12/23 15:23:16 989] isr        1559 3200  2  
[2020/12/23 15:23:16 991] isr        723  local_cbmsg_handler  ,msg=  404  param1=  nil  
[2020/12/23 15:23:17 104] isr        1547 ASR_MSG_AUW,   local  
[2020/12/23 15:23:17 104] isr        1559 3200  2  
[2020/12/23 15:23:17 218] isr        1547 ASR_MSG_AUW,   local  
[2020/12/23 15:23:17 218] isr        1559 3200  2  
[2020/12/23 15:23:17 332] isr        1547 ASR_MSG_AUW,   local  
[2020/12/23 15:23:17 332] isr        1559 3200  2  
[2020/12/23 15:23:17 450] isr        1547 ASR_MSG_AUW,   local  
[2020/12/23 15:23:17 450] isr        1559 3200  2  
[2020/12/23 15:23:17 562] isr        1547 ASR_MSG_AUW,   local  
[2020/12/23 15:23:17 562] isr        1559 3200  2  
[2020/12/23 15:23:17 677] isr        1547 ASR_MSG_AUW,   local  
[2020/12/23 15:23:17 677] isr        1559 3200  2  
[2020/12/23 15:23:17 792] isr        1547 ASR_MSG_AUW,   local  
[2020/12/23 15:23:17 792] isr        1559 3200  2  
[2020/12/23 15:23:17 792] isr        1547 ASR_MSG_AUW,   local  
[2020/12/23 15:23:17 792] isr        1559 3200  2  
[2020/12/23 15:23:17 907] isr        1547 ASR_MSG_AUW,   local  
[2020/12/23 15:23:17 907] isr        1559 3200  2  
[2020/12/23 15:23:18 022] isr        1547 ASR_MSG_AUW,   local  
[2020/12/23 15:23:18 022] isr        1559 3200  2  
[2020/12/23 15:23:18 137] isr        1547 ASR_MSG_AUW,   local  
[2020/12/23 15:23:18 137] isr        1559 3200  2  
[2020/12/23 15:23:18 251] isr        1547 ASR_MSG_AUW,   local  
[2020/12/23 15:23:18 251] isr        1559 3200  2  
[2020/12/23 15:23:18 366] isr        1547 ASR_MSG_AUW,   local  
[2020/12/23 15:23:18 366] isr        1559 3200  2  
[2020/12/23 15:23:18 481] isr        1547 ASR_MSG_AUW,   local  
[2020/12/23 15:23:18 481] isr        1559 3200  2  
[2020/12/23 15:23:18 596] isr        1547 ASR_MSG_AUW,   local  
[2020/12/23 15:23:18 596] isr        1559 3200  2  
[2020/12/23 15:23:18 596] isr        1547 ASR_MSG_AUW,   local  
[2020/12/23 15:23:18 596] isr        1559 3200  2  
[2020/12/23 15:23:18 711] isr        1547 ASR_MSG_AUW,   local  
[2020/12/23 15:23:18 711] isr        1559 3200  2  
[2020/12/23 15:23:18 825] isr        1547 ASR_MSG_AUW,   local  
[2020/12/23 15:23:18 825] isr        1559 3200  2  
[2020/12/23 15:23:18 940] isr        1547 ASR_MSG_AUW,   local  
[2020/12/23 15:23:18 940] isr        1559 3200  2  
[2020/12/23 15:23:19 055] isr        1547 ASR_MSG_AUW,   local  
[2020/12/23 15:23:19 055] isr        1559 3200  2  
[2020/12/23 15:23:19 169] isr        1547 ASR_MSG_AUW,   local  
[2020/12/23 15:23:19 169] isr        1559 3200  2  
[2020/12/23 15:23:19 285] isr        1547 ASR_MSG_AUW,   local  
[2020/12/23 15:23:19 285] isr        1559 3200  2  
[2020/12/23 15:23:19 285] isr        1547 ASR_MSG_AUW,   local  
[2020/12/23 15:23:19 285] isr        1559 3200  2  
[2020/12/23 15:23:19 400] isr        1547 ASR_MSG_AUW,   local  
[2020/12/23 15:23:19 400] isr        1559 3200  2  
[2020/12/23 15:23:19 514] isr        1547 ASR_MSG_AUW,   local  
[2020/12/23 15:23:19 514] isr        1559 3200  2  
[2020/12/23 15:23:19 514] isr        854  [aud] speech end  
[2020/12/23 15:23:19 514] isr        798  3  msc  
[2020/12/23 15:23:19 514] isr        864  aud end, MSC VAD  
[2020/12/23 15:23:19 515] isr        723  local_cbmsg_handler  ,msg=  406  param1=  nil  
[2020/12/23 15:23:19 515] isr        723  local_cbmsg_handler  ,msg=  405  param1=  nil  
[2020/12/23 15:23:19 515] isr        729  local speech end  
[2020/12/23 15:23:19 515] isr        798  3  local  
[2020/12/23 15:23:19 515] isr        800  already speech end  
[2020/12/23 15:23:19 528] isr        723  local_cbmsg_handler  ,msg=  407  param1=  udata(98297b48) 
[2020/12/23 15:23:19 528] isr        641  process_result call:  local  udata(98297b48) 36  2  
[2020/12/23 15:23:19 528] isr        798  3  msc  
[2020/12/23 15:23:19 528] isr        800  already speech end  
[2020/12/23 15:23:19 528] isr        723  local_cbmsg_handler  ,msg=  408  param1=  nil  
[2020/12/23 15:23:19 528] isr        734  local session recognized end!  
[2020/12/23 15:23:19 630] isr        1547 ASR_MSG_AUW,   local  
[2020/12/23 15:23:19 630] isr        1559 3200  2  
[2020/12/23 15:23:19 630] isr        1636 ASR_MSG_GRSLT,   local  
[2020/12/23 15:23:19 630] isr        1307 0  udata(98297b48) 5  
[2020/12/23 15:23:19 732] isr        1639 ASR_MSG_SSE,   local  
[2020/12/23 15:23:19 732] isr        1356 session_end() [in]  
[2020/12/23 15:23:19 732] isr        1377 local_session_end() [in]  
[2020/12/23 15:23:19 732] isr        1416 ASR_LOCAL_MSG_SSE net_type  nil  
[2020/12/23 15:23:19 733] isr        1667 isr unload!  
============================================================
Time  2020/12/23 15:25:09 175 
============================================================
[2020/12/23 15:25:09 175] isr        1659 isr loaded!  
[2020/12/23 15:25:09 175] isr        1642 SYS_MSG_REGCB param0 =   msp_status_cb  param1 =   func(b01321b0) 
[2020/12/23 15:25:09 175] isr        1537 ASR_MSG_SSB  
[2020/12/23 15:25:09 175] isr        1066 session_begin() [in], params:   engine_type = local, 		asr_res_path = fo|res/asr/common.jet, sample_rate = 16000, 		grm_build_path = res/asr/GrmBuilld, local_grammar = call, 		result_type = xml, result_encoding = UTF-8,   nil  
[2020/12/23 15:25:09 175] isr        927  vad_set [in]  
[2020/12/23 15:25:09 175] isr        962  vad_enable :  true  
[2020/12/23 15:25:09 175] isr        980  vad_bos :  10000  
[2020/12/23 15:25:09 175] isr        981  vad_eos :  2000  
[2020/12/23 15:25:09 175] isr        886  enable_vad [in]  
[2020/12/23 15:25:09 175] isr        918  vad enabled!  2000  10000  
[2020/12/23 15:25:09 175] isr        921  enable_vad [out]  
[2020/12/23 15:25:09 175] isr        987  vad_set [out] | ret =  0  
[2020/12/23 15:25:09 175] isr        1182 cur_engine_type =   local  
[2020/12/23 15:25:09 175] isr        992  local_session_begin  
[2020/12/23 15:25:09 286] isr        1547 ASR_MSG_AUW,   local  
[2020/12/23 15:25:09 286] isr        1559 3200  1  
[2020/12/23 15:25:09 286] isr        1569 once_bytes:   3200  
[2020/12/23 15:25:09 287] isr        851  [aud] speech start  
[2020/12/23 15:25:09 287] isr        798  1  msc  
[2020/12/23 15:25:09 401] isr        1547 ASR_MSG_AUW,   local  
[2020/12/23 15:25:09 401] isr        1559 3200  2  
[2020/12/23 15:25:09 516] isr        1547 ASR_MSG_AUW,   local  
[2020/12/23 15:25:09 516] isr        1559 3200  2  
[2020/12/23 15:25:09 631] isr        1547 ASR_MSG_AUW,   local  
[2020/12/23 15:25:09 631] isr        1559 3200  2  
[2020/12/23 15:25:09 745] isr        1547 ASR_MSG_AUW,   local  
[2020/12/23 15:25:09 745] isr        1559 3200  2  
[2020/12/23 15:25:09 861] isr        1547 ASR_MSG_AUW,   local  
[2020/12/23 15:25:09 861] isr        1559 3200  2  
[2020/12/23 15:25:09 975] isr        1547 ASR_MSG_AUW,   local  
[2020/12/23 15:25:09 975] isr        1559 3200  2  
[2020/12/23 15:25:09 975] isr        1547 ASR_MSG_AUW,   local  
[2020/12/23 15:25:09 975] isr        1559 3200  2  
[2020/12/23 15:25:10 090] isr        1547 ASR_MSG_AUW,   local  
[2020/12/23 15:25:10 090] isr        1559 3200  2  
[2020/12/23 15:25:10 205] isr        1547 ASR_MSG_AUW,   local  
[2020/12/23 15:25:10 205] isr        1559 3200  2  
[2020/12/23 15:25:10 320] isr        1547 ASR_MSG_AUW,   local  
[2020/12/23 15:25:10 320] isr        1559 3200  2  
[2020/12/23 15:25:10 435] isr        1547 ASR_MSG_AUW,   local  
[2020/12/23 15:25:10 435] isr        1559 3200  2  
[2020/12/23 15:25:10 549] isr        1547 ASR_MSG_AUW,   local  
[2020/12/23 15:25:10 549] isr        1559 3200  2  
[2020/12/23 15:25:10 664] isr        1547 ASR_MSG_AUW,   local  
[2020/12/23 15:25:10 664] isr        1559 3200  2  
[2020/12/23 15:25:10 779] isr        1547 ASR_MSG_AUW,   local  
[2020/12/23 15:25:10 779] isr        1559 3200  2  
[2020/12/23 15:25:10 779] isr        1547 ASR_MSG_AUW,   local  
[2020/12/23 15:25:10 779] isr        1559 3200  2  
[2020/12/23 15:25:10 894] isr        1547 ASR_MSG_AUW,   local  
[2020/12/23 15:25:10 894] isr        1559 3200  2  
[2020/12/23 15:25:10 895] isr        723  local_cbmsg_handler  ,msg=  404  param1=  nil  
[2020/12/23 15:25:11 008] isr        1547 ASR_MSG_AUW,   local  
[2020/12/23 15:25:11 008] isr        1559 3200  2  
[2020/12/23 15:25:11 124] isr        1547 ASR_MSG_AUW,   local  
[2020/12/23 15:25:11 124] isr        1559 3200  2  
[2020/12/23 15:25:11 238] isr        1547 ASR_MSG_AUW,   local  
[2020/12/23 15:25:11 238] isr        1559 3200  2  
[2020/12/23 15:25:11 352] isr        1547 ASR_MSG_AUW,   local  
[2020/12/23 15:25:11 352] isr        1559 3200  2  
[2020/12/23 15:25:11 472] isr        1547 ASR_MSG_AUW,   local  
[2020/12/23 15:25:11 472] isr        1559 3200  2  
[2020/12/23 15:25:11 583] isr        1547 ASR_MSG_AUW,   local  
[2020/12/23 15:25:11 583] isr        1559 3200  2  
[2020/12/23 15:25:11 583] isr        1547 ASR_MSG_AUW,   local  
[2020/12/23 15:25:11 583] isr        1559 3200  2  
[2020/12/23 15:25:11 697] isr        1547 ASR_MSG_AUW,   local  
[2020/12/23 15:25:11 697] isr        1559 3200  2  
[2020/12/23 15:25:11 813] isr        1547 ASR_MSG_AUW,   local  
[2020/12/23 15:25:11 813] isr        1559 3200  2  
[2020/12/23 15:25:11 927] isr        1547 ASR_MSG_AUW,   local  
[2020/12/23 15:25:11 927] isr        1559 3200  2  
[2020/12/23 15:25:12 042] isr        1547 ASR_MSG_AUW,   local  
[2020/12/23 15:25:12 042] isr        1559 3200  2  
[2020/12/23 15:25:12 157] isr        1547 ASR_MSG_AUW,   local  
[2020/12/23 15:25:12 157] isr        1559 3200  2  
[2020/12/23 15:25:12 272] isr        1547 ASR_MSG_AUW,   local  
[2020/12/23 15:25:12 272] isr        1559 3200  2  
[2020/12/23 15:25:12 386] isr        1547 ASR_MSG_AUW,   local  
[2020/12/23 15:25:12 386] isr        1559 3200  2  
[2020/12/23 15:25:12 386] isr        1547 ASR_MSG_AUW,   local  
[2020/12/23 15:25:12 386] isr        1559 3200  2  
[2020/12/23 15:25:12 501] isr        1547 ASR_MSG_AUW,   local  
[2020/12/23 15:25:12 501] isr        1559 3200  2  
[2020/12/23 15:25:12 615] isr        1547 ASR_MSG_AUW,   local  
[2020/12/23 15:25:12 615] isr        1559 3200  2  
[2020/12/23 15:25:12 730] isr        1547 ASR_MSG_AUW,   local  
[2020/12/23 15:25:12 730] isr        1559 3200  2  
[2020/12/23 15:25:12 845] isr        1547 ASR_MSG_AUW,   local  
[2020/12/23 15:25:12 845] isr        1559 3200  2  
[2020/12/23 15:25:12 960] isr        1547 ASR_MSG_AUW,   local  
[2020/12/23 15:25:12 960] isr        1559 3200  2  
[2020/12/23 15:25:13 075] isr        1547 ASR_MSG_AUW,   local  
[2020/12/23 15:25:13 075] isr        1559 3200  2  
[2020/12/23 15:25:13 075] isr        1547 ASR_MSG_AUW,   local  
[2020/12/23 15:25:13 075] isr        1559 3200  2  
[2020/12/23 15:25:13 190] isr        1547 ASR_MSG_AUW,   local  
[2020/12/23 15:25:13 190] isr        1559 3200  2  
[2020/12/23 15:25:13 190] isr        854  [aud] speech end  
[2020/12/23 15:25:13 190] isr        798  3  msc  
[2020/12/23 15:25:13 190] isr        864  aud end, MSC VAD  
[2020/12/23 15:25:13 190] isr        723  local_cbmsg_handler  ,msg=  406  param1=  nil  
[2020/12/23 15:25:13 203] isr        723  local_cbmsg_handler  ,msg=  407  param1=  udata(b0297aa8) 
[2020/12/23 15:25:13 203] isr        641  process_result call:  local  udata(b0297aa8) 40  2  
[2020/12/23 15:25:13 203] isr        798  3  msc  
[2020/12/23 15:25:13 203] isr        800  already speech end  
[2020/12/23 15:25:13 203] isr        723  local_cbmsg_handler  ,msg=  408  param1=  nil  
[2020/12/23 15:25:13 203] isr        734  local session recognized end!  
[2020/12/23 15:25:13 304] isr        1547 ASR_MSG_AUW,   local  
[2020/12/23 15:25:13 304] isr        1559 3200  2  
[2020/12/23 15:25:13 305] isr        1636 ASR_MSG_GRSLT,   local  
[2020/12/23 15:25:13 305] isr        1307 0  udata(b0297aa8) 5  
[2020/12/23 15:25:13 406] isr        1639 ASR_MSG_SSE,   local  
[2020/12/23 15:25:13 406] isr        1356 session_end() [in]  
[2020/12/23 15:25:13 406] isr        1377 local_session_end() [in]  
[2020/12/23 15:25:13 407] isr        1416 ASR_LOCAL_MSG_SSE net_type  nil  
[2020/12/23 15:25:13 409] isr        1667 isr unload!  
============================================================
Time  2020/12/23 15:25:36 167 
============================================================
[2020/12/23 15:25:36 167] isr        1659 isr loaded!  
[2020/12/23 15:25:36 167] isr        1642 SYS_MSG_REGCB param0 =   msp_status_cb  param1 =   func(741321b0) 
[2020/12/23 15:25:36 167] isr        1537 ASR_MSG_SSB  
[2020/12/23 15:25:36 167] isr        1066 session_begin() [in], params:   engine_type = local, 		asr_res_path = fo|res/asr/common.jet, sample_rate = 16000, 		grm_build_path = res/asr/GrmBuilld, local_grammar = call, 		result_type = xml, result_encoding = UTF-8,   nil  
[2020/12/23 15:25:36 167] isr        927  vad_set [in]  
[2020/12/23 15:25:36 167] isr        962  vad_enable :  true  
[2020/12/23 15:25:36 167] isr        980  vad_bos :  10000  
[2020/12/23 15:25:36 167] isr        981  vad_eos :  2000  
[2020/12/23 15:25:36 167] isr        886  enable_vad [in]  
[2020/12/23 15:25:36 167] isr        918  vad enabled!  2000  10000  
[2020/12/23 15:25:36 167] isr        921  enable_vad [out]  
[2020/12/23 15:25:36 167] isr        987  vad_set [out] | ret =  0  
[2020/12/23 15:25:36 167] isr        1182 cur_engine_type =   local  
[2020/12/23 15:25:36 167] isr        992  local_session_begin  
[2020/12/23 15:25:36 279] isr        1547 ASR_MSG_AUW,   local  
[2020/12/23 15:25:36 279] isr        1559 3200  1  
[2020/12/23 15:25:36 279] isr        1569 once_bytes:   3200  
[2020/12/23 15:25:36 280] isr        851  [aud] speech start  
[2020/12/23 15:25:36 280] isr        798  1  msc  
[2020/12/23 15:25:36 394] isr        1547 ASR_MSG_AUW,   local  
[2020/12/23 15:25:36 394] isr        1559 3200  2  
[2020/12/23 15:25:36 510] isr        1547 ASR_MSG_AUW,   local  
[2020/12/23 15:25:36 510] isr        1559 3200  2  
[2020/12/23 15:25:36 624] isr        1547 ASR_MSG_AUW,   local  
[2020/12/23 15:25:36 624] isr        1559 3200  2  
[2020/12/23 15:25:36 738] isr        1547 ASR_MSG_AUW,   local  
[2020/12/23 15:25:36 738] isr        1559 3200  2  
[2020/12/23 15:25:36 853] isr        1547 ASR_MSG_AUW,   local  
[2020/12/23 15:25:36 853] isr        1559 3200  2  
[2020/12/23 15:25:36 968] isr        1547 ASR_MSG_AUW,   local  
[2020/12/23 15:25:36 968] isr        1559 3200  2  
[2020/12/23 15:25:36 969] isr        1547 ASR_MSG_AUW,   local  
[2020/12/23 15:25:36 969] isr        1559 3200  2  
[2020/12/23 15:25:37 084] isr        1547 ASR_MSG_AUW,   local  
[2020/12/23 15:25:37 084] isr        1559 3200  2  
[2020/12/23 15:25:37 198] isr        1547 ASR_MSG_AUW,   local  
[2020/12/23 15:25:37 198] isr        1559 3200  2  
[2020/12/23 15:25:37 313] isr        1547 ASR_MSG_AUW,   local  
[2020/12/23 15:25:37 313] isr        1559 3200  2  
[2020/12/23 15:25:37 427] isr        1547 ASR_MSG_AUW,   local  
[2020/12/23 15:25:37 427] isr        1559 3200  2  
[2020/12/23 15:25:37 542] isr        1547 ASR_MSG_AUW,   local  
[2020/12/23 15:25:37 542] isr        1559 3200  2  
[2020/12/23 15:25:37 657] isr        1547 ASR_MSG_AUW,   local  
[2020/12/23 15:25:37 657] isr        1559 3200  2  
[2020/12/23 15:25:37 772] isr        1547 ASR_MSG_AUW,   local  
[2020/12/23 15:25:37 772] isr        1559 3200  2  
[2020/12/23 15:25:37 772] isr        1547 ASR_MSG_AUW,   local  
[2020/12/23 15:25:37 772] isr        1559 3200  2  
[2020/12/23 15:25:37 886] isr        1547 ASR_MSG_AUW,   local  
[2020/12/23 15:25:37 886] isr        1559 3200  2  
[2020/12/23 15:25:37 887] isr        723  local_cbmsg_handler  ,msg=  404  param1=  nil  
[2020/12/23 15:25:38 001] isr        1547 ASR_MSG_AUW,   local  
[2020/12/23 15:25:38 001] isr        1559 3200  2  
[2020/12/23 15:25:38 116] isr        1547 ASR_MSG_AUW,   local  
[2020/12/23 15:25:38 116] isr        1559 3200  2  
[2020/12/23 15:25:38 231] isr        1547 ASR_MSG_AUW,   local  
[2020/12/23 15:25:38 231] isr        1559 3200  2  
[2020/12/23 15:25:38 346] isr        1547 ASR_MSG_AUW,   local  
[2020/12/23 15:25:38 346] isr        1559 3200  2  
[2020/12/23 15:25:38 462] isr        1547 ASR_MSG_AUW,   local  
[2020/12/23 15:25:38 462] isr        1559 3200  2  
[2020/12/23 15:25:38 575] isr        1547 ASR_MSG_AUW,   local  
[2020/12/23 15:25:38 575] isr        1559 3200  2  
[2020/12/23 15:25:38 576] isr        1547 ASR_MSG_AUW,   local  
[2020/12/23 15:25:38 576] isr        1559 3200  2  
[2020/12/23 15:25:38 690] isr        1547 ASR_MSG_AUW,   local  
[2020/12/23 15:25:38 690] isr        1559 3200  2  
[2020/12/23 15:25:38 805] isr        1547 ASR_MSG_AUW,   local  
[2020/12/23 15:25:38 805] isr        1559 3200  2  
[2020/12/23 15:25:38 920] isr        1547 ASR_MSG_AUW,   local  
[2020/12/23 15:25:38 920] isr        1559 3200  2  
[2020/12/23 15:25:39 034] isr        1547 ASR_MSG_AUW,   local  
[2020/12/23 15:25:39 034] isr        1559 3200  2  
[2020/12/23 15:25:39 149] isr        1547 ASR_MSG_AUW,   local  
[2020/12/23 15:25:39 149] isr        1559 3200  2  
[2020/12/23 15:25:39 264] isr        1547 ASR_MSG_AUW,   local  
[2020/12/23 15:25:39 264] isr        1559 3200  2  
[2020/12/23 15:25:39 379] isr        1547 ASR_MSG_AUW,   local  
[2020/12/23 15:25:39 379] isr        1559 3200  2  
[2020/12/23 15:25:39 379] isr        1547 ASR_MSG_AUW,   local  
[2020/12/23 15:25:39 379] isr        1559 3200  2  
[2020/12/23 15:25:39 494] isr        1547 ASR_MSG_AUW,   local  
[2020/12/23 15:25:39 494] isr        1559 3200  2  
[2020/12/23 15:25:39 609] isr        1547 ASR_MSG_AUW,   local  
[2020/12/23 15:25:39 609] isr        1559 3200  2  
[2020/12/23 15:25:39 724] isr        1547 ASR_MSG_AUW,   local  
[2020/12/23 15:25:39 724] isr        1559 3200  2  
[2020/12/23 15:25:39 838] isr        1547 ASR_MSG_AUW,   local  
[2020/12/23 15:25:39 838] isr        1559 3200  2  
[2020/12/23 15:25:39 953] isr        1547 ASR_MSG_AUW,   local  
[2020/12/23 15:25:39 953] isr        1559 3200  2  
[2020/12/23 15:25:40 068] isr        1547 ASR_MSG_AUW,   local  
[2020/12/23 15:25:40 068] isr        1559 3200  2  
[2020/12/23 15:25:40 068] isr        1547 ASR_MSG_AUW,   local  
[2020/12/23 15:25:40 068] isr        1559 3200  2  
[2020/12/23 15:25:40 069] isr        723  local_cbmsg_handler  ,msg=  405  param1=  nil  
[2020/12/23 15:25:40 070] isr        729  local speech end  
[2020/12/23 15:25:40 070] isr        798  3  local  
[2020/12/23 15:25:40 070] isr        723  local_cbmsg_handler  ,msg=  406  param1=  nil  
[2020/12/23 15:25:40 082] isr        723  local_cbmsg_handler  ,msg=  407  param1=  udata(74298458) 
[2020/12/23 15:25:40 082] isr        641  process_result call:  local  udata(74298458) 81  2  
[2020/12/23 15:25:40 082] isr        798  3  msc  
[2020/12/23 15:25:40 082] isr        800  already speech end  
[2020/12/23 15:25:40 082] isr        723  local_cbmsg_handler  ,msg=  408  param1=  nil  
[2020/12/23 15:25:40 082] isr        734  local session recognized end!  
[2020/12/23 15:25:40 183] isr        1547 ASR_MSG_AUW,   local  
[2020/12/23 15:25:40 183] isr        1559 3200  2  
[2020/12/23 15:25:40 183] isr        1636 ASR_MSG_GRSLT,   local  
[2020/12/23 15:25:40 183] isr        1307 0  udata(74298458) 5  
[2020/12/23 15:25:40 284] isr        1639 ASR_MSG_SSE,   local  
[2020/12/23 15:25:40 284] isr        1356 session_end() [in]  
[2020/12/23 15:25:40 284] isr        1377 local_session_end() [in]  
[2020/12/23 15:25:40 284] isr        1416 ASR_LOCAL_MSG_SSE net_type  nil  
[2020/12/23 15:25:40 285] isr        1667 isr unload!  
============================================================
Time  2020/12/23 19:21:12 902 
============================================================
[2020/12/23 19:21:12 902] isr        1659 isr loaded!  
[2020/12/23 19:21:12 907] isr        1642 SYS_MSG_REGCB param0 =   msp_status_cb  param1 =   func(dc1321b0) 
[2020/12/23 19:21:12 907] isr        1537 ASR_MSG_SSB  
[2020/12/23 19:21:12 907] isr        1066 session_begin() [in], params:   engine_type = local, 		asr_res_path = fo|res/asr/common.jet, sample_rate = 16000, 		grm_build_path = res/asr/GrmBuilld, local_grammar = call, 		result_type = xml, result_encoding = UTF-8,   nil  
[2020/12/23 19:21:12 907] isr        927  vad_set [in]  
[2020/12/23 19:21:12 907] isr        962  vad_enable :  true  
[2020/12/23 19:21:12 907] isr        980  vad_bos :  10000  
[2020/12/23 19:21:12 907] isr        981  vad_eos :  2000  
[2020/12/23 19:21:12 907] isr        886  enable_vad [in]  
[2020/12/23 19:21:12 908] isr        918  vad enabled!  2000  10000  
[2020/12/23 19:21:12 908] isr        921  enable_vad [out]  
[2020/12/23 19:21:12 908] isr        987  vad_set [out] | ret =  0  
[2020/12/23 19:21:12 908] isr        1182 cur_engine_type =   local  
[2020/12/23 19:21:12 908] isr        992  local_session_begin  
[2020/12/23 19:21:13 116] isr        1547 ASR_MSG_AUW,   local  
[2020/12/23 19:21:13 116] isr        1559 3200  1  
[2020/12/23 19:21:13 116] isr        1569 once_bytes:   3200  
[2020/12/23 19:21:13 116] isr        851  [aud] speech start  
[2020/12/23 19:21:13 116] isr        798  1  msc  
[2020/12/23 19:21:13 231] isr        1547 ASR_MSG_AUW,   local  
[2020/12/23 19:21:13 231] isr        1559 3200  2  
[2020/12/23 19:21:13 346] isr        1547 ASR_MSG_AUW,   local  
[2020/12/23 19:21:13 346] isr        1559 3200  2  
[2020/12/23 19:21:13 460] isr        1547 ASR_MSG_AUW,   local  
[2020/12/23 19:21:13 460] isr        1559 3200  2  
[2020/12/23 19:21:13 461] isr        1547 ASR_MSG_AUW,   local  
[2020/12/23 19:21:13 461] isr        1559 3200  2  
[2020/12/23 19:21:13 575] isr        1547 ASR_MSG_AUW,   local  
[2020/12/23 19:21:13 575] isr        1559 3200  2  
[2020/12/23 19:21:13 690] isr        1547 ASR_MSG_AUW,   local  
[2020/12/23 19:21:13 690] isr        1559 3200  2  
[2020/12/23 19:21:13 804] isr        1547 ASR_MSG_AUW,   local  
[2020/12/23 19:21:13 804] isr        1559 3200  2  
[2020/12/23 19:21:13 920] isr        1547 ASR_MSG_AUW,   local  
[2020/12/23 19:21:13 920] isr        1559 3200  2  
[2020/12/23 19:21:14 034] isr        1547 ASR_MSG_AUW,   local  
[2020/12/23 19:21:14 034] isr        1559 3200  2  
[2020/12/23 19:21:14 152] isr        1547 ASR_MSG_AUW,   local  
[2020/12/23 19:21:14 152] isr        1559 3200  2  
[2020/12/23 19:21:14 266] isr        1547 ASR_MSG_AUW,   local  
[2020/12/23 19:21:14 266] isr        1559 3200  2  
[2020/12/23 19:21:14 266] isr        1547 ASR_MSG_AUW,   local  
[2020/12/23 19:21:14 266] isr        1559 3200  2  
[2020/12/23 19:21:14 381] isr        1547 ASR_MSG_AUW,   local  
[2020/12/23 19:21:14 381] isr        1559 3200  2  
[2020/12/23 19:21:14 496] isr        1547 ASR_MSG_AUW,   local  
[2020/12/23 19:21:14 496] isr        1559 3200  2  
[2020/12/23 19:21:14 610] isr        1547 ASR_MSG_AUW,   local  
[2020/12/23 19:21:14 610] isr        1559 3200  2  
[2020/12/23 19:21:14 725] isr        1547 ASR_MSG_AUW,   local  
[2020/12/23 19:21:14 725] isr        1559 3200  2  
[2020/12/23 19:21:14 840] isr        1547 ASR_MSG_AUW,   local  
[2020/12/23 19:21:14 840] isr        1559 3200  2  
[2020/12/23 19:21:14 955] isr        1547 ASR_MSG_AUW,   local  
[2020/12/23 19:21:14 955] isr        1559 3200  2  
[2020/12/23 19:21:15 070] isr        1547 ASR_MSG_AUW,   local  
[2020/12/23 19:21:15 070] isr        1559 3200  2  
[2020/12/23 19:21:15 070] isr        1547 ASR_MSG_AUW,   local  
[2020/12/23 19:21:15 070] isr        1559 3200  2  
[2020/12/23 19:21:15 185] isr        1547 ASR_MSG_AUW,   local  
[2020/12/23 19:21:15 185] isr        1559 3200  2  
[2020/12/23 19:21:15 300] isr        1547 ASR_MSG_AUW,   local  
[2020/12/23 19:21:15 300] isr        1559 3200  2  
[2020/12/23 19:21:15 301] isr        723  local_cbmsg_handler  ,msg=  404  param1=  nil  
[2020/12/23 19:21:15 414] isr        1547 ASR_MSG_AUW,   local  
[2020/12/23 19:21:15 414] isr        1559 3200  2  
[2020/12/23 19:21:15 529] isr        1547 ASR_MSG_AUW,   local  
[2020/12/23 19:21:15 529] isr        1559 3200  2  
[2020/12/23 19:21:15 644] isr        1547 ASR_MSG_AUW,   local  
[2020/12/23 19:21:15 644] isr        1559 3200  2  
[2020/12/23 19:21:15 759] isr        1547 ASR_MSG_AUW,   local  
[2020/12/23 19:21:15 759] isr        1559 3200  2  
[2020/12/23 19:21:15 759] isr        1547 ASR_MSG_AUW,   local  
[2020/12/23 19:21:15 759] isr        1559 3200  2  
[2020/12/23 19:21:15 874] isr        1547 ASR_MSG_AUW,   local  
[2020/12/23 19:21:15 874] isr        1559 3200  2  
[2020/12/23 19:21:15 988] isr        1547 ASR_MSG_AUW,   local  
[2020/12/23 19:21:15 988] isr        1559 3200  2  
[2020/12/23 19:21:16 103] isr        1547 ASR_MSG_AUW,   local  
[2020/12/23 19:21:16 103] isr        1559 3200  2  
[2020/12/23 19:21:16 218] isr        1547 ASR_MSG_AUW,   local  
[2020/12/23 19:21:16 218] isr        1559 3200  2  
[2020/12/23 19:21:16 333] isr        1547 ASR_MSG_AUW,   local  
[2020/12/23 19:21:16 333] isr        1559 3200  2  
[2020/12/23 19:21:16 448] isr        1547 ASR_MSG_AUW,   local  
[2020/12/23 19:21:16 448] isr        1559 3200  2  
[2020/12/23 19:21:16 562] isr        1547 ASR_MSG_AUW,   local  
[2020/12/23 19:21:16 562] isr        1559 3200  2  
[2020/12/23 19:21:16 562] isr        1547 ASR_MSG_AUW,   local  
[2020/12/23 19:21:16 562] isr        1559 3200  2  
[2020/12/23 19:21:16 677] isr        1547 ASR_MSG_AUW,   local  
[2020/12/23 19:21:16 677] isr        1559 3200  2  
[2020/12/23 19:21:16 792] isr        1547 ASR_MSG_AUW,   local  
[2020/12/23 19:21:16 792] isr        1559 3200  2  
[2020/12/23 19:21:16 907] isr        1547 ASR_MSG_AUW,   local  
[2020/12/23 19:21:16 907] isr        1559 3200  2  
[2020/12/23 19:21:17 022] isr        1547 ASR_MSG_AUW,   local  
[2020/12/23 19:21:17 022] isr        1559 3200  2  
[2020/12/23 19:21:17 137] isr        1547 ASR_MSG_AUW,   local  
[2020/12/23 19:21:17 137] isr        1559 3200  2  
[2020/12/23 19:21:17 252] isr        1547 ASR_MSG_AUW,   local  
[2020/12/23 19:21:17 252] isr        1559 3200  2  
[2020/12/23 19:21:17 367] isr        1547 ASR_MSG_AUW,   local  
[2020/12/23 19:21:17 367] isr        1559 3200  2  
[2020/12/23 19:21:17 367] isr        1547 ASR_MSG_AUW,   local  
[2020/12/23 19:21:17 367] isr        1559 3200  2  
[2020/12/23 19:21:17 481] isr        1547 ASR_MSG_AUW,   local  
[2020/12/23 19:21:17 481] isr        1559 3200  2  
[2020/12/23 19:21:17 597] isr        1547 ASR_MSG_AUW,   local  
[2020/12/23 19:21:17 597] isr        1559 3200  2  
[2020/12/23 19:21:17 711] isr        1547 ASR_MSG_AUW,   local  
[2020/12/23 19:21:17 711] isr        1559 3200  2  
[2020/12/23 19:21:17 825] isr        1547 ASR_MSG_AUW,   local  
[2020/12/23 19:21:17 825] isr        1559 3200  2  
[2020/12/23 19:21:17 940] isr        1547 ASR_MSG_AUW,   local  
[2020/12/23 19:21:17 940] isr        1559 3200  2  
[2020/12/23 19:21:18 056] isr        1547 ASR_MSG_AUW,   local  
[2020/12/23 19:21:18 056] isr        1559 3200  2  
[2020/12/23 19:21:18 170] isr        1547 ASR_MSG_AUW,   local  
[2020/12/23 19:21:18 170] isr        1559 3200  2  
[2020/12/23 19:21:18 170] isr        1547 ASR_MSG_AUW,   local  
[2020/12/23 19:21:18 170] isr        1559 3200  2  
[2020/12/23 19:21:18 285] isr        1547 ASR_MSG_AUW,   local  
[2020/12/23 19:21:18 285] isr        1559 3200  2  
[2020/12/23 19:21:18 400] isr        1547 ASR_MSG_AUW,   local  
[2020/12/23 19:21:18 400] isr        1559 3200  2  
[2020/12/23 19:21:18 515] isr        1547 ASR_MSG_AUW,   local  
[2020/12/23 19:21:18 515] isr        1559 3200  2  
[2020/12/23 19:21:18 630] isr        1547 ASR_MSG_AUW,   local  
[2020/12/23 19:21:18 630] isr        1559 3200  2  
[2020/12/23 19:21:18 744] isr        1547 ASR_MSG_AUW,   local  
[2020/12/23 19:21:18 744] isr        1559 3200  2  
[2020/12/23 19:21:18 859] isr        1547 ASR_MSG_AUW,   local  
[2020/12/23 19:21:18 859] isr        1559 3200  2  
[2020/12/23 19:21:18 859] isr        1547 ASR_MSG_AUW,   local  
[2020/12/23 19:21:18 859] isr        1559 3200  2  
[2020/12/23 19:21:18 914] isr        1547 ASR_MSG_AUW,   local  
[2020/12/23 19:21:18 914] isr        1559 0  4  
[2020/12/23 19:21:18 914] isr        1592 aud end, USER  
[2020/12/23 19:21:18 915] isr        1636 ASR_MSG_GRSLT,   local  
[2020/12/23 19:21:18 915] isr        1307 0  nil  2  
[2020/12/23 19:21:18 915] isr        854  [aud] speech end  
[2020/12/23 19:21:18 915] isr        798  3  msc  
[2020/12/23 19:21:18 915] isr        723  local_cbmsg_handler  ,msg=  406  param1=  nil  
[2020/12/23 19:21:18 933] isr        723  local_cbmsg_handler  ,msg=  407  param1=  udata(dc296078) 
[2020/12/23 19:21:18 933] isr        641  process_result call:  local  udata(dc296078) 32  2  
[2020/12/23 19:21:18 933] isr        798  3  msc  
[2020/12/23 19:21:18 933] isr        800  already speech end  
[2020/12/23 19:21:18 933] isr        723  local_cbmsg_handler  ,msg=  408  param1=  nil  
[2020/12/23 19:21:18 933] isr        734  local session recognized end!  
[2020/12/23 19:21:19 015] isr        1636 ASR_MSG_GRSLT,   local  
[2020/12/23 19:21:19 015] isr        1307 0  udata(dc296078) 5  
[2020/12/23 19:21:19 116] isr        1639 ASR_MSG_SSE,   local  
[2020/12/23 19:21:19 116] isr        1356 session_end() [in]  
[2020/12/23 19:21:19 116] isr        1377 local_session_end() [in]  
[2020/12/23 19:21:19 117] isr        1416 ASR_LOCAL_MSG_SSE net_type  nil  
[2020/12/23 19:21:19 117] isr        1667 isr unload!  
============================================================
Time  2020/12/23 19:21:27 191 
============================================================
[2020/12/23 19:21:27 191] isr        1659 isr loaded!  
[2020/12/23 19:21:27 191] isr        1642 SYS_MSG_REGCB param0 =   msp_status_cb  param1 =   func(c41321c0) 
[2020/12/23 19:21:27 191] isr        1537 ASR_MSG_SSB  
[2020/12/23 19:21:27 191] isr        1066 session_begin() [in], params:   engine_type = local, 		asr_res_path = fo|res/asr/common.jet, sample_rate = 16000, 		grm_build_path = res/asr/GrmBuilld, local_grammar = call, 		result_type = xml, result_encoding = UTF-8,   nil  
[2020/12/23 19:21:27 191] isr        927  vad_set [in]  
[2020/12/23 19:21:27 191] isr        962  vad_enable :  true  
[2020/12/23 19:21:27 191] isr        980  vad_bos :  10000  
[2020/12/23 19:21:27 191] isr        981  vad_eos :  2000  
[2020/12/23 19:21:27 191] isr        886  enable_vad [in]  
[2020/12/23 19:21:27 191] isr        918  vad enabled!  2000  10000  
[2020/12/23 19:21:27 191] isr        921  enable_vad [out]  
[2020/12/23 19:21:27 191] isr        987  vad_set [out] | ret =  0  
[2020/12/23 19:21:27 191] isr        1182 cur_engine_type =   local  
[2020/12/23 19:21:27 191] isr        992  local_session_begin  
[2020/12/23 19:21:27 372] isr        1547 ASR_MSG_AUW,   local  
[2020/12/23 19:21:27 372] isr        1559 3200  1  
[2020/12/23 19:21:27 372] isr        1569 once_bytes:   3200  
[2020/12/23 19:21:27 372] isr        851  [aud] speech start  
[2020/12/23 19:21:27 372] isr        798  1  msc  
[2020/12/23 19:21:27 487] isr        1547 ASR_MSG_AUW,   local  
[2020/12/23 19:21:27 487] isr        1559 3200  2  
[2020/12/23 19:21:27 601] isr        1547 ASR_MSG_AUW,   local  
[2020/12/23 19:21:27 601] isr        1559 3200  2  
[2020/12/23 19:21:27 716] isr        1547 ASR_MSG_AUW,   local  
[2020/12/23 19:21:27 716] isr        1559 3200  2  
[2020/12/23 19:21:27 832] isr        1547 ASR_MSG_AUW,   local  
[2020/12/23 19:21:27 832] isr        1559 3200  2  
[2020/12/23 19:21:27 946] isr        1547 ASR_MSG_AUW,   local  
[2020/12/23 19:21:27 946] isr        1559 3200  2  
[2020/12/23 19:21:28 061] isr        1547 ASR_MSG_AUW,   local  
[2020/12/23 19:21:28 061] isr        1559 3200  2  
[2020/12/23 19:21:28 061] isr        1547 ASR_MSG_AUW,   local  
[2020/12/23 19:21:28 061] isr        1559 3200  2  
[2020/12/23 19:21:28 176] isr        1547 ASR_MSG_AUW,   local  
[2020/12/23 19:21:28 176] isr        1559 3200  2  
[2020/12/23 19:21:28 290] isr        1547 ASR_MSG_AUW,   local  
[2020/12/23 19:21:28 290] isr        1559 3200  2  
[2020/12/23 19:21:28 407] isr        1547 ASR_MSG_AUW,   local  
[2020/12/23 19:21:28 407] isr        1559 3200  2  
[2020/12/23 19:21:28 522] isr        1547 ASR_MSG_AUW,   local  
[2020/12/23 19:21:28 522] isr        1559 3200  2  
[2020/12/23 19:21:28 637] isr        1547 ASR_MSG_AUW,   local  
[2020/12/23 19:21:28 637] isr        1559 3200  2  
[2020/12/23 19:21:28 752] isr        1547 ASR_MSG_AUW,   local  
[2020/12/23 19:21:28 752] isr        1559 3200  2  
[2020/12/23 19:21:28 866] isr        1547 ASR_MSG_AUW,   local  
[2020/12/23 19:21:28 866] isr        1559 3200  2  
[2020/12/23 19:21:28 866] isr        1547 ASR_MSG_AUW,   local  
[2020/12/23 19:21:28 866] isr        1559 3200  2  
[2020/12/23 19:21:28 868] isr        723  local_cbmsg_handler  ,msg=  404  param1=  nil  
[2020/12/23 19:21:28 981] isr        1547 ASR_MSG_AUW,   local  
[2020/12/23 19:21:28 981] isr        1559 3200  2  
[2020/12/23 19:21:29 096] isr        1547 ASR_MSG_AUW,   local  
[2020/12/23 19:21:29 096] isr        1559 3200  2  
[2020/12/23 19:21:29 211] isr        1547 ASR_MSG_AUW,   local  
[2020/12/23 19:21:29 211] isr        1559 3200  2  
[2020/12/23 19:21:29 326] isr        1547 ASR_MSG_AUW,   local  
[2020/12/23 19:21:29 326] isr        1559 3200  2  
[2020/12/23 19:21:29 441] isr        1547 ASR_MSG_AUW,   local  
[2020/12/23 19:21:29 441] isr        1559 3200  2  
[2020/12/23 19:21:29 555] isr        1547 ASR_MSG_AUW,   local  
[2020/12/23 19:21:29 555] isr        1559 3200  2  
[2020/12/23 19:21:29 671] isr        1547 ASR_MSG_AUW,   local  
[2020/12/23 19:21:29 671] isr        1559 3200  2  
[2020/12/23 19:21:29 671] isr        1547 ASR_MSG_AUW,   local  
[2020/12/23 19:21:29 671] isr        1559 3200  2  
[2020/12/23 19:21:29 785] isr        1547 ASR_MSG_AUW,   local  
[2020/12/23 19:21:29 785] isr        1559 3200  2  
[2020/12/23 19:21:29 900] isr        1547 ASR_MSG_AUW,   local  
[2020/12/23 19:21:29 900] isr        1559 3200  2  
[2020/12/23 19:21:30 014] isr        1547 ASR_MSG_AUW,   local  
[2020/12/23 19:21:30 014] isr        1559 3200  2  
[2020/12/23 19:21:30 130] isr        1547 ASR_MSG_AUW,   local  
[2020/12/23 19:21:30 130] isr        1559 3200  2  
[2020/12/23 19:21:30 245] isr        1547 ASR_MSG_AUW,   local  
[2020/12/23 19:21:30 245] isr        1559 3200  2  
[2020/12/23 19:21:30 359] isr        1547 ASR_MSG_AUW,   local  
[2020/12/23 19:21:30 359] isr        1559 3200  2  
[2020/12/23 19:21:30 474] isr        1547 ASR_MSG_AUW,   local  
[2020/12/23 19:21:30 474] isr        1559 3200  2  
[2020/12/23 19:21:30 474] isr        1547 ASR_MSG_AUW,   local  
[2020/12/23 19:21:30 474] isr        1559 3200  2  
[2020/12/23 19:21:30 588] isr        1547 ASR_MSG_AUW,   local  
[2020/12/23 19:21:30 588] isr        1559 3200  2  
[2020/12/23 19:21:30 704] isr        1547 ASR_MSG_AUW,   local  
[2020/12/23 19:21:30 704] isr        1559 3200  2  
[2020/12/23 19:21:30 819] isr        1547 ASR_MSG_AUW,   local  
[2020/12/23 19:21:30 819] isr        1559 3200  2  
[2020/12/23 19:21:30 933] isr        1547 ASR_MSG_AUW,   local  
[2020/12/23 19:21:30 933] isr        1559 3200  2  
[2020/12/23 19:21:31 049] isr        1547 ASR_MSG_AUW,   local  
[2020/12/23 19:21:31 049] isr        1559 3200  2  
[2020/12/23 19:21:31 163] isr        1547 ASR_MSG_AUW,   local  
[2020/12/23 19:21:31 163] isr        1559 3200  2  
[2020/12/23 19:21:31 163] isr        1547 ASR_MSG_AUW,   local  
[2020/12/23 19:21:31 163] isr        1559 3200  2  
[2020/12/23 19:21:31 278] isr        1547 ASR_MSG_AUW,   local  
[2020/12/23 19:21:31 278] isr        1559 3200  2  
[2020/12/23 19:21:31 392] isr        1547 ASR_MSG_AUW,   local  
[2020/12/23 19:21:31 392] isr        1559 3200  2  
[2020/12/23 19:21:31 507] isr        1547 ASR_MSG_AUW,   local  
[2020/12/23 19:21:31 507] isr        1559 3200  2  
[2020/12/23 19:21:31 623] isr        1547 ASR_MSG_AUW,   local  
[2020/12/23 19:21:31 623] isr        1559 3200  2  
[2020/12/23 19:21:31 737] isr        1547 ASR_MSG_AUW,   local  
[2020/12/23 19:21:31 737] isr        1559 3200  2  
[2020/12/23 19:21:31 852] isr        1547 ASR_MSG_AUW,   local  
[2020/12/23 19:21:31 852] isr        1559 3200  2  
[2020/12/23 19:21:31 853] isr        723  local_cbmsg_handler  ,msg=  405  param1=  nil  
[2020/12/23 19:21:31 853] isr        729  local speech end  
[2020/12/23 19:21:31 853] isr        798  3  local  
[2020/12/23 19:21:31 853] isr        723  local_cbmsg_handler  ,msg=  406  param1=  nil  
[2020/12/23 19:21:31 865] isr        723  local_cbmsg_handler  ,msg=  407  param1=  udata(c4298798) 
[2020/12/23 19:21:31 865] isr        641  process_result call:  local  udata(c4298798) 87  2  
[2020/12/23 19:21:31 865] isr        798  3  msc  
[2020/12/23 19:21:31 865] isr        800  already speech end  
[2020/12/23 19:21:31 865] isr        723  local_cbmsg_handler  ,msg=  408  param1=  nil  
[2020/12/23 19:21:31 865] isr        734  local session recognized end!  
[2020/12/23 19:21:31 967] isr        1547 ASR_MSG_AUW,   local  
[2020/12/23 19:21:31 967] isr        1559 3200  2  
[2020/12/23 19:21:31 967] isr        854  [aud] speech end  
[2020/12/23 19:21:31 967] isr        798  3  msc  
[2020/12/23 19:21:31 967] isr        800  already speech end  
[2020/12/23 19:21:31 967] isr        864  aud end, MSC VAD  
[2020/12/23 19:21:31 968] isr        1636 ASR_MSG_GRSLT,   local  
[2020/12/23 19:21:31 968] isr        1307 0  udata(c4298798) 5  
[2020/12/23 19:21:32 068] isr        1639 ASR_MSG_SSE,   local  
[2020/12/23 19:21:32 068] isr        1356 session_end() [in]  
[2020/12/23 19:21:32 068] isr        1377 local_session_end() [in]  
[2020/12/23 19:21:32 069] isr        1416 ASR_LOCAL_MSG_SSE net_type  nil  
[2020/12/23 19:21:32 069] isr        1667 isr unload!  
============================================================
Time  2020/12/23 19:21:49 741 
============================================================
[2020/12/23 19:21:49 741] isr        1659 isr loaded!  
[2020/12/23 19:21:49 741] isr        1642 SYS_MSG_REGCB param0 =   msp_status_cb  param1 =   func(e81321d0) 
[2020/12/23 19:21:49 741] isr        1537 ASR_MSG_SSB  
[2020/12/23 19:21:49 741] isr        1066 session_begin() [in], params:   engine_type = local, 		asr_res_path = fo|res/asr/common.jet, sample_rate = 16000, 		grm_build_path = res/asr/GrmBuilld, local_grammar = call, 		result_type = xml, result_encoding = UTF-8,   nil  
[2020/12/23 19:21:49 742] isr        927  vad_set [in]  
[2020/12/23 19:21:49 742] isr        962  vad_enable :  true  
[2020/12/23 19:21:49 742] isr        980  vad_bos :  10000  
[2020/12/23 19:21:49 742] isr        981  vad_eos :  2000  
[2020/12/23 19:21:49 742] isr        886  enable_vad [in]  
[2020/12/23 19:21:49 742] isr        918  vad enabled!  2000  10000  
[2020/12/23 19:21:49 742] isr        921  enable_vad [out]  
[2020/12/23 19:21:49 742] isr        987  vad_set [out] | ret =  0  
[2020/12/23 19:21:49 742] isr        1182 cur_engine_type =   local  
[2020/12/23 19:21:49 742] isr        992  local_session_begin  
[2020/12/23 19:21:49 899] isr        1547 ASR_MSG_AUW,   local  
[2020/12/23 19:21:49 899] isr        1559 3200  1  
[2020/12/23 19:21:49 899] isr        1569 once_bytes:   3200  
[2020/12/23 19:21:49 899] isr        851  [aud] speech start  
[2020/12/23 19:21:49 899] isr        798  1  msc  
[2020/12/23 19:21:50 013] isr        1547 ASR_MSG_AUW,   local  
[2020/12/23 19:21:50 013] isr        1559 3200  2  
[2020/12/23 19:21:50 131] isr        1547 ASR_MSG_AUW,   local  
[2020/12/23 19:21:50 131] isr        1559 3200  2  
[2020/12/23 19:21:50 243] isr        1547 ASR_MSG_AUW,   local  
[2020/12/23 19:21:50 243] isr        1559 3200  2  
[2020/12/23 19:21:50 358] isr        1547 ASR_MSG_AUW,   local  
[2020/12/23 19:21:50 358] isr        1559 3200  2  
[2020/12/23 19:21:50 473] isr        1547 ASR_MSG_AUW,   local  
[2020/12/23 19:21:50 473] isr        1559 3200  2  
[2020/12/23 19:21:50 592] isr        1547 ASR_MSG_AUW,   local  
[2020/12/23 19:21:50 592] isr        1559 3200  2  
[2020/12/23 19:21:50 592] isr        1547 ASR_MSG_AUW,   local  
[2020/12/23 19:21:50 592] isr        1559 3200  2  
[2020/12/23 19:21:50 706] isr        1547 ASR_MSG_AUW,   local  
[2020/12/23 19:21:50 706] isr        1559 3200  2  
[2020/12/23 19:21:50 821] isr        1547 ASR_MSG_AUW,   local  
[2020/12/23 19:21:50 821] isr        1559 3200  2  
[2020/12/23 19:21:50 938] isr        1547 ASR_MSG_AUW,   local  
[2020/12/23 19:21:50 938] isr        1559 3200  2  
[2020/12/23 19:21:51 053] isr        1547 ASR_MSG_AUW,   local  
[2020/12/23 19:21:51 053] isr        1559 3200  2  
[2020/12/23 19:21:51 168] isr        1547 ASR_MSG_AUW,   local  
[2020/12/23 19:21:51 168] isr        1559 3200  2  
[2020/12/23 19:21:51 282] isr        1547 ASR_MSG_AUW,   local  
[2020/12/23 19:21:51 282] isr        1559 3200  2  
[2020/12/23 19:21:51 405] isr        1547 ASR_MSG_AUW,   local  
[2020/12/23 19:21:51 405] isr        1559 3200  2  
[2020/12/23 19:21:51 405] isr        1547 ASR_MSG_AUW,   local  
[2020/12/23 19:21:51 405] isr        1559 3200  2  
[2020/12/23 19:21:51 407] isr        723  local_cbmsg_handler  ,msg=  404  param1=  nil  
[2020/12/23 19:21:51 519] isr        1547 ASR_MSG_AUW,   local  
[2020/12/23 19:21:51 519] isr        1559 3200  2  
[2020/12/23 19:21:51 634] isr        1547 ASR_MSG_AUW,   local  
[2020/12/23 19:21:51 634] isr        1559 3200  2  
[2020/12/23 19:21:51 749] isr        1547 ASR_MSG_AUW,   local  
[2020/12/23 19:21:51 749] isr        1559 3200  2  
[2020/12/23 19:21:51 864] isr        1547 ASR_MSG_AUW,   local  
[2020/12/23 19:21:51 864] isr        1559 3200  2  
[2020/12/23 19:21:51 978] isr        1547 ASR_MSG_AUW,   local  
[2020/12/23 19:21:51 978] isr        1559 3200  2  
[2020/12/23 19:21:52 094] isr        1547 ASR_MSG_AUW,   local  
[2020/12/23 19:21:52 094] isr        1559 3200  2  
[2020/12/23 19:21:52 208] isr        1547 ASR_MSG_AUW,   local  
[2020/12/23 19:21:52 208] isr        1559 3200  2  
[2020/12/23 19:21:52 208] isr        1547 ASR_MSG_AUW,   local  
[2020/12/23 19:21:52 208] isr        1559 3200  2  
[2020/12/23 19:21:52 323] isr        1547 ASR_MSG_AUW,   local  
[2020/12/23 19:21:52 323] isr        1559 3200  2  
[2020/12/23 19:21:52 438] isr        1547 ASR_MSG_AUW,   local  
[2020/12/23 19:21:52 438] isr        1559 3200  2  
[2020/12/23 19:21:52 552] isr        1547 ASR_MSG_AUW,   local  
[2020/12/23 19:21:52 552] isr        1559 3200  2  
[2020/12/23 19:21:52 667] isr        1547 ASR_MSG_AUW,   local  
[2020/12/23 19:21:52 667] isr        1559 3200  2  
[2020/12/23 19:21:52 782] isr        1547 ASR_MSG_AUW,   local  
[2020/12/23 19:21:52 782] isr        1559 3200  2  
[2020/12/23 19:21:52 897] isr        1547 ASR_MSG_AUW,   local  
[2020/12/23 19:21:52 897] isr        1559 3200  2  
[2020/12/23 19:21:53 012] isr        1547 ASR_MSG_AUW,   local  
[2020/12/23 19:21:53 012] isr        1559 3200  2  
[2020/12/23 19:21:53 012] isr        1547 ASR_MSG_AUW,   local  
[2020/12/23 19:21:53 012] isr        1559 3200  2  
[2020/12/23 19:21:53 126] isr        1547 ASR_MSG_AUW,   local  
[2020/12/23 19:21:53 126] isr        1559 3200  2  
[2020/12/23 19:21:53 242] isr        1547 ASR_MSG_AUW,   local  
[2020/12/23 19:21:53 242] isr        1559 3200  2  
[2020/12/23 19:21:53 356] isr        1547 ASR_MSG_AUW,   local  
[2020/12/23 19:21:53 356] isr        1559 3200  2  
[2020/12/23 19:21:53 471] isr        1547 ASR_MSG_AUW,   local  
[2020/12/23 19:21:53 471] isr        1559 3200  2  
[2020/12/23 19:21:53 585] isr        1547 ASR_MSG_AUW,   local  
[2020/12/23 19:21:53 585] isr        1559 3200  2  
[2020/12/23 19:21:53 701] isr        1547 ASR_MSG_AUW,   local  
[2020/12/23 19:21:53 701] isr        1559 3200  2  
[2020/12/23 19:21:53 701] isr        1547 ASR_MSG_AUW,   local  
[2020/12/23 19:21:53 701] isr        1559 3200  2  
[2020/12/23 19:21:53 816] isr        1547 ASR_MSG_AUW,   local  
[2020/12/23 19:21:53 816] isr        1559 3200  2  
[2020/12/23 19:21:53 930] isr        1547 ASR_MSG_AUW,   local  
[2020/12/23 19:21:53 930] isr        1559 3200  2  
[2020/12/23 19:21:54 045] isr        1547 ASR_MSG_AUW,   local  
[2020/12/23 19:21:54 045] isr        1559 3200  2  
[2020/12/23 19:21:54 160] isr        1547 ASR_MSG_AUW,   local  
[2020/12/23 19:21:54 160] isr        1559 3200  2  
[2020/12/23 19:21:54 161] isr        854  [aud] speech end  
[2020/12/23 19:21:54 161] isr        798  3  msc  
[2020/12/23 19:21:54 161] isr        864  aud end, MSC VAD  
[2020/12/23 19:21:54 161] isr        723  local_cbmsg_handler  ,msg=  406  param1=  nil  
[2020/12/23 19:21:54 162] isr        723  local_cbmsg_handler  ,msg=  405  param1=  nil  
[2020/12/23 19:21:54 162] isr        729  local speech end  
[2020/12/23 19:21:54 162] isr        798  3  local  
[2020/12/23 19:21:54 162] isr        800  already speech end  
[2020/12/23 19:21:54 174] isr        723  local_cbmsg_handler  ,msg=  407  param1=  udata(e8296c08) 
[2020/12/23 19:21:54 174] isr        641  process_result call:  local  udata(e8296c08) 78  2  
[2020/12/23 19:21:54 174] isr        798  3  msc  
[2020/12/23 19:21:54 174] isr        800  already speech end  
[2020/12/23 19:21:54 174] isr        723  local_cbmsg_handler  ,msg=  408  param1=  nil  
[2020/12/23 19:21:54 174] isr        734  local session recognized end!  
[2020/12/23 19:21:54 275] isr        1547 ASR_MSG_AUW,   local  
[2020/12/23 19:21:54 275] isr        1559 3200  2  
[2020/12/23 19:21:54 275] isr        1636 ASR_MSG_GRSLT,   local  
[2020/12/23 19:21:54 275] isr        1307 0  udata(e8296c08) 5  
[2020/12/23 19:21:54 376] isr        1639 ASR_MSG_SSE,   local  
[2020/12/23 19:21:54 376] isr        1356 session_end() [in]  
[2020/12/23 19:21:54 376] isr        1377 local_session_end() [in]  
[2020/12/23 19:21:54 376] isr        1416 ASR_LOCAL_MSG_SSE net_type  nil  
[2020/12/23 19:21:54 377] isr        1667 isr unload!  
