============================================================
Time  2020/12/23 15:04:42 945 
============================================================
[2020/12/23 15:04:42 945] isr_local  2211 os_type is:  Linux  
[2020/12/23 15:04:42 945] isr_local  2220 SYS_MSG_LOAD_LOCAL  
[2020/12/23 15:04:42 945] isr_local  2249 SYS_MSG_REGCB_LOCAL| param0 =  msp_status_cb  
[2020/12/23 15:04:42 945] isr_local  2249 SYS_MSG_REGCB_LOCAL| param0 =  build_grm_cb  
[2020/12/23 15:04:42 945] isr_local  2262 ASR_LOCAL_MSG_BUILD_GRM  
[2020/12/23 15:04:42 945] isr_local  1903 grm_init | params:  engine_type = local, 		asr_res_path = fo|res/asr/common.jet, sample_rate = 16000, 		grm_build_path = res/asr/GrmBuilld,   
[2020/12/23 15:04:42 945] isr_local  805  engine_type  :  local  
[2020/12/23 15:04:42 945] isr_local  805  asr_res_path  :  fo|res/asr/common.jet  
[2020/12/23 15:04:42 945] isr_local  805  sample_rate  :  16000  
[2020/12/23 15:04:42 945] isr_local  805  grm_build_path  :  res/asr/GrmBuilld  
[2020/12/23 15:04:42 945] isr_local  1002 file count =   1  
[2020/12/23 15:04:42 945] isr_local  925  file open type is:   fo  
[2020/12/23 15:04:42 945] isr_local  958  res/asr/common.jet  0  0  
[2020/12/23 15:04:42 945] isr_local  1020 speech_plus_setting  0  
[2020/12/23 15:04:42 945] isr_local  1033 2  nil  res/asr/common.jet  0  0  
[2020/12/23 15:04:42 945] isr_local  1035 res_ver  2  
[2020/12/23 15:04:42 945] isr_local  1036 res 5  99e355d850c1b770f4a58f7cd3aa4313  
[2020/12/23 15:04:42 945] isr_local  1037 res_new_old_mark  v5pp  
[2020/12/23 15:04:42 945] isr_local  1038 res_usr_name  ""  
[2020/12/23 15:04:42 945] isr_local  1039 res_expires  1614502534  
[2020/12/23 15:04:42 945] isr_local  1040 err  0  
[2020/12/23 15:04:42 945] isr_local  1071 now expires:  1608707082  1614502534  
[2020/12/23 15:04:42 945] isr_local  1644 proc_retcode_grm | errorcode =  0  
[2020/12/23 15:04:42 946] isr_local  2015 grm luac error! :  23300  
[2020/12/23 15:04:42 946] isr_local  1636 onGrmLocalServiceCb  23300    
